TN:
SF:obsidian-prj/src/main.ts
FN:25,(anonymous_0)
FN:36,(anonymous_1)
FN:48,(anonymous_3)
FN:56,(anonymous_4)
FN:56,(anonymous_5)
FN:59,(anonymous_6)
FN:64,(anonymous_7)
FN:64,(anonymous_8)
FN:73,(anonymous_9)
FN:86,(anonymous_11)
FN:97,(anonymous_12)
FN:119,(anonymous_13)
FN:127,(anonymous_14)
FN:133,(anonymous_15)
FN:147,(anonymous_16)
FN:147,(anonymous_17)
FN:156,(anonymous_18)
FN:165,(anonymous_19)
FN:180,(anonymous_21)
FNF:19
FNH:0
FNDA:0,(anonymous_0)
FNDA:0,(anonymous_1)
FNDA:0,(anonymous_3)
FNDA:0,(anonymous_4)
FNDA:0,(anonymous_5)
FNDA:0,(anonymous_6)
FNDA:0,(anonymous_7)
FNDA:0,(anonymous_8)
FNDA:0,(anonymous_9)
FNDA:0,(anonymous_11)
FNDA:0,(anonymous_12)
FNDA:0,(anonymous_13)
FNDA:0,(anonymous_14)
FNDA:0,(anonymous_15)
FNDA:0,(anonymous_16)
FNDA:0,(anonymous_17)
FNDA:0,(anonymous_18)
FNDA:0,(anonymous_19)
FNDA:0,(anonymous_21)
DA:1,0
DA:2,0
DA:4,0
DA:5,0
DA:6,0
DA:8,0
DA:9,0
DA:10,0
DA:11,0
DA:12,0
DA:13,0
DA:14,0
DA:15,0
DA:16,0
DA:17,0
DA:18,0
DA:20,0
DA:25,0
DA:27,0
DA:30,0
DA:38,0
DA:40,0
DA:41,0
DA:42,0
DA:43,0
DA:44,0
DA:46,0
DA:48,0
DA:50,0
DA:53,0
DA:56,0
DA:59,0
DA:61,0
DA:62,0
DA:64,0
DA:65,0
DA:78,0
DA:86,0
DA:88,0
DA:91,0
DA:99,0
DA:102,0
DA:104,0
DA:106,0
DA:108,0
DA:110,0
DA:113,0
DA:117,0
DA:120,0
DA:125,0
DA:128,0
DA:133,0
DA:134,0
DA:138,0
DA:141,0
DA:147,0
DA:148,0
DA:158,0
DA:159,0
DA:166,0
DA:172,0
DA:174,0
DA:181,0
LF:63
LH:0
BRDA:61,0,0,0
BRDA:61,0,1,0
BRF:2
BRH:0
end_of_record
TN:
SF:obsidian-prj/src/classes/Logging.ts
FN:9,(anonymous_0)
FN:44,(anonymous_1)
FN:51,(anonymous_2)
FN:66,(anonymous_3)
FN:83,(anonymous_4)
FN:95,(anonymous_5)
FN:126,(anonymous_6)
FN:139,(anonymous_7)
FN:157,(anonymous_8)
FN:167,(anonymous_9)
FN:174,(anonymous_10)
FN:181,(anonymous_11)
FN:187,(anonymous_12)
FN:193,(anonymous_13)
FN:202,(anonymous_14)
FN:211,(anonymous_15)
FN:221,(anonymous_16)
FN:231,(anonymous_17)
FN:241,(anonymous_18)
FN:251,(anonymous_19)
FN:261,(anonymous_20)
FN:270,(anonymous_21)
FN:282,(anonymous_22)
FNF:23
FNH:0
FNDA:0,(anonymous_0)
FNDA:0,(anonymous_1)
FNDA:0,(anonymous_2)
FNDA:0,(anonymous_3)
FNDA:0,(anonymous_4)
FNDA:0,(anonymous_5)
FNDA:0,(anonymous_6)
FNDA:0,(anonymous_7)
FNDA:0,(anonymous_8)
FNDA:0,(anonymous_9)
FNDA:0,(anonymous_10)
FNDA:0,(anonymous_11)
FNDA:0,(anonymous_12)
FNDA:0,(anonymous_13)
FNDA:0,(anonymous_14)
FNDA:0,(anonymous_15)
FNDA:0,(anonymous_16)
FNDA:0,(anonymous_17)
FNDA:0,(anonymous_18)
FNDA:0,(anonymous_19)
FNDA:0,(anonymous_20)
FNDA:0,(anonymous_21)
FNDA:0,(anonymous_22)
DA:3,0
DA:4,0
DA:9,0
DA:10,0
DA:11,0
DA:12,0
DA:13,0
DA:14,0
DA:15,0
DA:34,0
DA:45,0
DA:52,0
DA:67,0
DA:68,0
DA:69,0
DA:71,0
DA:73,0
DA:75,0
DA:76,0
DA:84,0
DA:86,0
DA:87,0
DA:96,0
DA:98,0
DA:99,0
DA:100,0
DA:101,0
DA:102,0
DA:104,0
DA:105,0
DA:107,0
DA:108,0
DA:110,0
DA:111,0
DA:113,0
DA:114,0
DA:116,0
DA:117,0
DA:119,0
DA:127,0
DA:128,0
DA:131,0
DA:140,0
DA:141,0
DA:143,0
DA:148,0
DA:161,0
DA:168,0
DA:175,0
DA:181,0
DA:187,0
DA:194,0
DA:212,0
DA:213,0
DA:222,0
DA:223,0
DA:232,0
DA:233,0
DA:242,0
DA:243,0
DA:252,0
DA:253,0
DA:262,0
DA:271,0
DA:283,0
DA:285,0
DA:287,0
DA:289,0
DA:291,0
DA:293,0
DA:295,0
DA:297,0
LF:72
LH:0
BRDA:9,0,0,0
BRDA:9,0,1,0
BRDA:45,1,0,0
BRDA:45,1,1,0
BRDA:66,2,0,0
BRDA:67,3,0,0
BRDA:86,4,0,0
BRDA:104,5,0,0
BRDA:107,6,0,0
BRDA:110,7,0,0
BRDA:113,8,0,0
BRDA:116,9,0,0
BRDA:127,10,0,0
BRDA:272,11,0,0
BRDA:272,11,1,0
BRDA:283,12,0,0
BRDA:283,12,1,0
BRDA:283,12,2,0
BRDA:283,12,3,0
BRDA:283,12,4,0
BRDA:283,12,5,0
BRDA:283,12,6,0
BRF:22
BRH:0
end_of_record
TN:
SF:obsidian-prj/src/classes/Path.ts
FN:12,(anonymous_0)
FN:14,(anonymous_1)
FN:25,(anonymous_2)
FN:41,(anonymous_3)
FNF:4
FNH:4
FNDA:19,(anonymous_0)
FNDA:46,(anonymous_1)
FNDA:46,(anonymous_2)
FNDA:6,(anonymous_3)
DA:4,1
DA:13,19
DA:16,46
DA:19,46
DA:20,28
DA:23,46
DA:25,46
DA:42,6
LF:8
LH:8
BRDA:19,0,0,28
BRF:1
BRH:1
end_of_record
TN:
SF:obsidian-prj/src/classes/decorators/FieldConfigDecorator.ts
FN:26,fieldConfig
FN:29,(anonymous_1)
FN:46,(anonymous_2)
FNF:3
FNH:3
FNDA:5,fieldConfig
FNDA:5,(anonymous_1)
FNDA:1,(anonymous_2)
DA:2,1
DA:7,1
DA:26,1
DA:29,5
DA:34,5
DA:35,4
DA:39,4
DA:40,0
DA:45,5
DA:46,1
DA:50,5
DA:51,5
DA:58,0
DA:64,5
DA:67,5
LF:15
LH:13
BRDA:34,0,0,4
BRDA:39,1,0,0
BRDA:50,2,0,5
BRDA:50,2,1,0
BRF:4
BRH:2
end_of_record
TN:
SF:obsidian-prj/src/classes/decorators/Helper.ts
FN:7,copyStaticProperties
FN:16,(anonymous_1)
FNF:2
FNH:0
FNDA:0,copyStaticProperties
FNDA:0,(anonymous_1)
DA:7,0
DA:11,0
DA:13,0
DA:14,0
DA:17,0
DA:18,0
DA:23,0
DA:24,0
DA:28,0
DA:31,0
LF:10
LH:0
BRDA:13,0,0,0
BRDA:13,0,1,0
BRDA:17,1,0,0
BRDA:23,2,0,0
BRDA:23,3,0,0
BRDA:23,3,1,0
BRDA:23,4,0,0
BRDA:23,4,1,0
BRF:8
BRH:0
end_of_record
TN:
SF:obsidian-prj/src/classes/decorators/Implements.ts
FN:8,ImplementsStatic
FN:9,(anonymous_1)
FN:21,Implements
FN:22,(anonymous_3)
FNF:4
FNH:0
FNDA:0,ImplementsStatic
FNDA:0,(anonymous_1)
FNDA:0,Implements
FNDA:0,(anonymous_3)
DA:8,0
DA:9,0
DA:12,0
DA:21,0
DA:22,0
LF:5
LH:0
BRF:0
BRH:0
end_of_record
TN:
SF:obsidian-prj/src/classes/decorators/ImplementsStatic.ts
FN:1,(anonymous_0)
FNF:1
FNH:0
FNDA:0,(anonymous_0)
DA:1,0
LF:1
LH:0
BRF:0
BRH:0
end_of_record
TN:
SF:obsidian-prj/src/classes/decorators/LazzyLoading.ts
FN:63,LazzyLoading
FN:67,(anonymous_1)
FN:76,(anonymous_2)
FN:90,(anonymous_3)
FNF:4
FNH:0
FNDA:0,LazzyLoading
FNDA:0,(anonymous_1)
FNDA:0,(anonymous_2)
FNDA:0,(anonymous_3)
DA:63,0
DA:67,0
DA:72,0
DA:75,0
DA:78,0
DA:79,0
DA:82,0
DA:89,0
DA:90,0
DA:91,0
DA:92,0
DA:94,0
DA:100,0
LF:13
LH:0
BRDA:78,0,0,0
BRDA:89,1,0,0
BRDA:91,2,0,0
BRDA:91,2,1,0
BRF:4
BRH:0
end_of_record
TN:
SF:obsidian-prj/src/classes/decorators/Singleton.ts
FN:27,Singleton
FN:38,(anonymous_1)
FNF:2
FNH:0
FNDA:0,Singleton
FNDA:0,(anonymous_1)
DA:1,0
DA:27,0
DA:30,0
DA:38,0
DA:41,0
DA:42,0
DA:45,0
DA:49,0
DA:52,0
LF:9
LH:0
BRDA:41,0,0,0
BRF:1
BRH:0
end_of_record
TN:
SF:obsidian-prj/src/classes/decorators/StaticMetadataDecorator.ts
FN:5,isIStaticMetadataField_
FN:29,staticMetadata
FN:33,(anonymous_2)
FN:65,getStaticMetadata
FNF:4
FNH:4
FNDA:36,isIStaticMetadataField_
FNDA:17,staticMetadata
FNDA:17,(anonymous_2)
FNDA:4,getStaticMetadata
DA:8,36
DA:29,3
DA:33,17
DA:34,17
DA:35,1
DA:39,16
DA:42,16
DA:46,16
DA:51,16
DA:65,3
DA:69,4
DA:70,0
DA:75,4
DA:80,4
LF:14
LH:13
BRDA:8,0,0,36
BRDA:8,0,1,36
BRDA:34,1,0,1
BRDA:34,2,0,17
BRDA:34,2,1,16
BRDA:42,3,0,16
BRDA:42,3,1,0
BRDA:42,4,0,16
BRDA:42,4,1,16
BRDA:43,5,0,13
BRDA:43,5,1,3
BRDA:43,6,0,16
BRDA:43,6,1,16
BRDA:53,7,0,13
BRDA:53,7,1,3
BRDA:53,8,0,16
BRDA:53,8,1,16
BRDA:69,9,0,0
BRDA:69,10,0,4
BRDA:69,10,1,4
BRDA:80,11,0,0
BRDA:80,11,1,4
BRDA:80,12,0,4
BRDA:80,12,1,4
BRF:24
BRH:21
end_of_record
TN:
SF:obsidian-prj/src/classes/decorators/ToStringFieldDecorator.ts
FN:15,toStringField
FN:19,(anonymous_1)
FNF:2
FNH:2
FNDA:4,toStringField
FNDA:4,(anonymous_1)
DA:2,1
DA:7,1
DA:15,1
DA:19,4
DA:24,4
DA:26,4
DA:28,4
DA:31,4
LF:8
LH:8
BRDA:24,0,0,3
BRF:1
BRH:1
end_of_record
TN:
SF:obsidian-prj/src/interfaces/DataType/IComparable.ts
FN:20,isIComparable
FNF:1
FNH:0
FNDA:0,isIComparable
DA:20,0
DA:21,0
LF:2
LH:0
BRDA:22,0,0,0
BRDA:22,0,1,0
BRDA:22,0,2,0
BRF:3
BRH:0
end_of_record
TN:
SF:obsidian-prj/src/interfaces/DataType/IEquatable.ts
FN:18,isIEquatable
FNF:1
FNH:0
FNDA:0,isIEquatable
DA:18,0
DA:19,0
LF:2
LH:0
BRDA:20,0,0,0
BRDA:20,0,1,0
BRDA:20,0,2,0
BRF:3
BRH:0
end_of_record
TN:
SF:obsidian-prj/src/interfaces/DataType/IInstanceOf.ts
FN:19,isIInstanceOf
FNF:1
FNH:0
FNDA:0,isIInstanceOf
DA:19,0
DA:20,0
LF:2
LH:0
BRDA:21,0,0,0
BRDA:21,0,1,0
BRDA:21,0,2,0
BRF:3
BRH:0
end_of_record
TN:
SF:obsidian-prj/src/interfaces/DataType/IPrimitive.ts
FN:18,isIPrimitive
FNF:1
FNH:0
FNDA:0,isIPrimitive
DA:18,0
DA:19,0
LF:2
LH:0
BRDA:20,0,0,0
BRDA:20,0,1,0
BRDA:20,0,2,0
BRF:3
BRH:0
end_of_record
TN:
SF:obsidian-prj/src/interfaces/DataType/IStringifiable.ts
FN:17,isIStringConvertible
FNF:1
FNH:0
FNDA:0,isIStringConvertible
DA:17,0
DA:18,0
LF:2
LH:0
BRDA:19,0,0,0
BRDA:19,0,1,0
BRDA:19,0,2,0
BRF:3
BRH:0
end_of_record
TN:
SF:obsidian-prj/src/interfaces/DataType/IValue.ts
FN:21,isIValue
FNF:1
FNH:0
FNDA:0,isIValue
DA:21,0
DA:22,0
DA:23,0
DA:26,0
DA:28,0
DA:29,0
DA:32,0
DA:33,0
DA:35,0
LF:9
LH:0
BRDA:22,0,0,0
BRDA:22,1,0,0
BRDA:22,1,1,0
BRDA:28,2,0,0
BRDA:35,3,0,0
BRDA:35,3,1,0
BRF:6
BRH:0
end_of_record
TN:
SF:obsidian-prj/src/libs/FileManager.ts
FN:23,(anonymous_0)
FN:74,(anonymous_2)
FN:115,(anonymous_4)
FN:155,(anonymous_6)
FN:207,(anonymous_8)
FN:216,(anonymous_9)
FNF:6
FNH:0
FNDA:0,(anonymous_0)
FNDA:0,(anonymous_2)
FNDA:0,(anonymous_4)
FNDA:0,(anonymous_6)
FNDA:0,(anonymous_8)
FNDA:0,(anonymous_9)
DA:2,0
DA:3,0
DA:6,0
DA:12,0
DA:28,0
DA:30,0
DA:31,0
DA:32,0
DA:33,0
DA:35,0
DA:38,0
DA:39,0
DA:40,0
DA:43,0
DA:48,0
DA:52,0
DA:54,0
DA:57,0
DA:62,0
DA:80,0
DA:82,0
DA:83,0
DA:85,0
DA:88,0
DA:89,0
DA:90,0
DA:93,0
DA:98,0
DA:103,0
DA:121,0
DA:122,0
DA:126,0
DA:129,0
DA:131,0
DA:132,0
DA:134,0
DA:139,0
DA:142,0
DA:144,0
DA:160,0
DA:164,0
DA:169,0
DA:174,0
DA:175,0
DA:180,0
DA:182,0
DA:184,0
DA:186,0
DA:194,0
DA:208,0
DA:217,0
DA:218,0
LF:52
LH:0
BRDA:30,0,0,0
BRDA:30,1,0,0
BRDA:30,1,1,0
BRDA:30,2,0,0
BRDA:30,2,1,0
BRDA:30,3,0,0
BRDA:30,3,1,0
BRDA:30,4,0,0
BRDA:30,4,1,0
BRDA:30,5,0,0
BRDA:30,5,1,0
BRDA:31,6,0,0
BRDA:31,6,1,0
BRDA:31,7,0,0
BRDA:31,7,1,0
BRDA:32,8,0,0
BRDA:32,8,1,0
BRDA:32,9,0,0
BRDA:32,9,1,0
BRDA:33,10,0,0
BRDA:33,10,1,0
BRDA:33,11,0,0
BRDA:33,11,1,0
BRDA:33,12,0,0
BRDA:33,12,1,0
BRDA:33,13,0,0
BRDA:33,13,1,0
BRDA:38,14,0,0
BRDA:45,15,0,0
BRDA:45,15,1,0
BRDA:45,16,0,0
BRDA:45,16,1,0
BRDA:48,17,0,0
BRDA:49,18,0,0
BRDA:49,18,1,0
BRDA:82,19,0,0
BRDA:83,20,0,0
BRDA:83,20,1,0
BRDA:83,21,0,0
BRDA:83,21,1,0
BRDA:88,22,0,0
BRDA:94,23,0,0
BRDA:94,23,1,0
BRDA:94,24,0,0
BRDA:94,24,1,0
BRDA:94,25,0,0
BRDA:94,25,1,0
BRDA:94,26,0,0
BRDA:94,26,1,0
BRDA:95,27,0,0
BRDA:95,27,1,0
BRDA:95,28,0,0
BRDA:95,28,1,0
BRDA:95,29,0,0
BRDA:95,29,1,0
BRDA:95,30,0,0
BRDA:95,30,1,0
BRDA:121,31,0,0
BRDA:122,32,0,0
BRDA:122,32,1,0
BRDA:122,33,0,0
BRDA:122,33,1,0
BRDA:129,34,0,0
BRDA:129,34,1,0
BRDA:129,35,0,0
BRDA:129,35,1,0
BRDA:134,36,0,0
BRDA:134,36,1,0
BRDA:134,37,0,0
BRDA:134,37,1,0
BRDA:142,38,0,0
BRDA:142,38,1,0
BRDA:142,39,0,0
BRDA:142,39,1,0
BRDA:166,40,0,0
BRDA:166,40,1,0
BRDA:166,41,0,0
BRDA:166,41,1,0
BRDA:177,42,0,0
BRDA:177,42,1,0
BRDA:177,43,0,0
BRDA:177,43,1,0
BRDA:208,44,0,0
BRDA:208,44,1,0
BRF:84
BRH:0
end_of_record
TN:
SF:obsidian-prj/src/libs/GenericEvents.ts
FN:69,(anonymous_0)
FN:78,(anonymous_1)
FN:96,(anonymous_2)
FN:108,(anonymous_3)
FN:130,(anonymous_4)
FN:141,(anonymous_5)
FN:142,(anonymous_6)
FN:154,(anonymous_7)
FNF:8
FNH:0
FNDA:0,(anonymous_0)
FNDA:0,(anonymous_1)
FNDA:0,(anonymous_2)
FNDA:0,(anonymous_3)
FNDA:0,(anonymous_4)
FNDA:0,(anonymous_5)
FNDA:0,(anonymous_6)
FNDA:0,(anonymous_7)
DA:61,0
DA:63,0
DA:70,0
DA:87,0
DA:88,0
DA:105,0
DA:107,0
DA:109,0
DA:111,0
DA:113,0
DA:115,0
DA:120,0
DA:140,0
DA:141,0
DA:143,0
DA:144,0
DA:167,0
DA:169,0
DA:171,0
DA:175,0
DA:176,0
DA:178,0
DA:183,0
LF:23
LH:0
BRDA:88,0,0,0
BRDA:88,0,1,0
BRDA:88,1,0,0
BRDA:88,1,1,0
BRDA:109,2,0,0
BRDA:109,2,1,0
BRDA:113,3,0,0
BRDA:113,3,1,0
BRDA:115,4,0,0
BRDA:115,4,1,0
BRDA:115,5,0,0
BRDA:115,5,1,0
BRDA:120,6,0,0
BRDA:120,6,1,0
BRDA:120,7,0,0
BRDA:120,7,1,0
BRDA:144,8,0,0
BRDA:144,8,1,0
BRDA:144,9,0,0
BRDA:144,9,1,0
BRDA:171,10,0,0
BRDA:171,10,1,0
BRDA:171,11,0,0
BRDA:171,11,1,0
BRDA:175,12,0,0
BRDA:178,13,0,0
BRDA:178,13,1,0
BRDA:178,14,0,0
BRDA:178,14,1,0
BRDA:183,15,0,0
BRDA:183,15,1,0
BRDA:183,16,0,0
BRDA:183,16,1,0
BRF:33
BRH:0
end_of_record
TN:
SF:obsidian-prj/src/libs/MarkdownBlockProcessor.ts
FN:31,(anonymous_0)
FN:46,(anonymous_1)
FN:101,(anonymous_3)
FN:118,(anonymous_4)
FNF:4
FNH:0
FNDA:0,(anonymous_0)
FNDA:0,(anonymous_1)
FNDA:0,(anonymous_3)
FNDA:0,(anonymous_4)
DA:2,0
DA:4,0
DA:5,0
DA:10,0
DA:11,0
DA:12,0
DA:13,0
DA:14,0
DA:15,0
DA:16,0
DA:17,0
DA:19,0
DA:27,0
DA:32,0
DA:37,0
DA:51,0
DA:52,0
DA:53,0
DA:54,0
DA:56,0
DA:58,0
DA:66,0
DA:70,0
DA:71,0
DA:72,0
DA:75,0
DA:82,0
DA:83,0
DA:85,0
DA:86,0
DA:88,0
DA:92,0
DA:95,0
DA:96,0
DA:97,0
DA:98,0
DA:100,0
DA:101,0
DA:102,0
DA:106,0
DA:112,0
DA:113,0
DA:115,0
DA:117,0
DA:118,0
DA:120,0
DA:121,0
DA:123,0
DA:124,0
DA:126,0
DA:129,0
DA:130,0
DA:134,0
DA:137,0
DA:138,0
DA:140,0
DA:141,0
DA:142,0
DA:144,0
DA:145,0
DA:146,0
DA:148,0
DA:149,0
DA:150,0
DA:152,0
DA:155,0
DA:157,0
LF:67
LH:0
BRDA:70,0,0,0
BRDA:85,1,0,0
BRDA:100,2,0,0
BRDA:117,3,0,0
BRDA:117,3,1,0
BRDA:117,4,0,0
BRDA:117,4,1,0
BRDA:123,5,0,0
BRDA:124,6,0,0
BRDA:124,6,1,0
BRDA:124,6,2,0
BRDA:124,6,3,0
BRDA:124,6,4,0
BRDA:124,6,5,0
BRDA:124,6,6,0
BRDA:124,6,7,0
BRF:16
BRH:0
end_of_record
TN:
SF:obsidian-prj/src/libs/MetadataCache.ts
FN:55,(anonymous_0)
FN:76,(anonymous_1)
FN:88,(anonymous_2)
FN:104,(anonymous_3)
FN:116,(anonymous_4)
FN:138,(anonymous_5)
FN:147,(anonymous_6)
FN:149,(anonymous_8)
FN:208,(anonymous_9)
FN:231,(anonymous_10)
FN:255,(anonymous_11)
FN:329,(anonymous_13)
FN:355,(anonymous_15)
FN:369,(anonymous_16)
FN:375,(anonymous_18)
FN:395,(anonymous_19)
FN:428,(anonymous_20)
FN:454,(anonymous_21)
FN:472,(anonymous_22)
FN:484,(anonymous_23)
FN:503,(anonymous_24)
FN:522,(anonymous_26)
FN:540,(anonymous_27)
FN:573,(anonymous_29)
FN:593,(anonymous_31)
FN:602,(anonymous_32)
FN:613,(anonymous_33)
FN:640,(anonymous_34)
FN:648,(anonymous_35)
FN:36,(anonymous_36)
FNF:30
FNH:0
FNDA:0,(anonymous_0)
FNDA:0,(anonymous_1)
FNDA:0,(anonymous_2)
FNDA:0,(anonymous_3)
FNDA:0,(anonymous_4)
FNDA:0,(anonymous_5)
FNDA:0,(anonymous_6)
FNDA:0,(anonymous_8)
FNDA:0,(anonymous_9)
FNDA:0,(anonymous_10)
FNDA:0,(anonymous_11)
FNDA:0,(anonymous_13)
FNDA:0,(anonymous_15)
FNDA:0,(anonymous_16)
FNDA:0,(anonymous_18)
FNDA:0,(anonymous_19)
FNDA:0,(anonymous_20)
FNDA:0,(anonymous_21)
FNDA:0,(anonymous_22)
FNDA:0,(anonymous_23)
FNDA:0,(anonymous_24)
FNDA:0,(anonymous_26)
FNDA:0,(anonymous_27)
FNDA:0,(anonymous_29)
FNDA:0,(anonymous_31)
FNDA:0,(anonymous_32)
FNDA:0,(anonymous_33)
FNDA:0,(anonymous_34)
FNDA:0,(anonymous_35)
FNDA:0,(anonymous_36)
DA:3,0
DA:7,0
DA:9,0
DA:10,0
DA:11,0
DA:19,0
DA:30,0
DA:33,0
DA:35,0
DA:36,0
DA:37,0
DA:39,0
DA:41,0
DA:42,0
DA:43,0
DA:44,0
DA:56,0
DA:57,0
DA:59,0
DA:63,0
DA:66,0
DA:68,0
DA:77,0
DA:78,0
DA:81,0
DA:89,0
DA:90,0
DA:92,0
DA:93,0
DA:95,0
DA:96,0
DA:97,0
DA:99,0
DA:103,0
DA:104,0
DA:105,0
DA:106,0
DA:117,0
DA:118,0
DA:120,0
DA:122,0
DA:124,0
DA:126,0
DA:128,0
DA:131,0
DA:139,0
DA:148,0
DA:149,0
DA:223,0
DA:246,0
DA:260,0
DA:264,0
DA:265,0
DA:269,0
DA:273,0
DA:277,0
DA:282,0
DA:286,0
DA:293,0
DA:299,0
DA:300,0
DA:306,0
DA:308,0
DA:312,0
DA:314,0
DA:316,0
DA:319,0
DA:333,0
DA:337,0
DA:338,0
DA:342,0
DA:345,0
DA:356,0
DA:357,0
DA:358,0
DA:360,0
DA:370,0
DA:372,0
DA:373,0
DA:375,0
DA:377,0
DA:379,0
DA:381,0
DA:383,0
DA:396,0
DA:397,0
DA:399,0
DA:400,0
DA:402,0
DA:403,0
DA:405,0
DA:406,0
DA:409,0
DA:413,0
DA:416,0
DA:418,0
DA:429,0
DA:430,0
DA:432,0
DA:433,0
DA:435,0
DA:439,0
DA:442,0
DA:444,0
DA:455,0
DA:457,0
DA:458,0
DA:460,0
DA:462,0
DA:473,0
DA:485,0
DA:487,0
DA:490,0
DA:491,0
DA:492,0
DA:496,0
DA:504,0
DA:505,0
DA:507,0
DA:508,0
DA:509,0
DA:511,0
DA:514,0
DA:523,0
DA:524,0
DA:525,0
DA:527,0
DA:530,0
DA:544,0
DA:545,0
DA:547,0
DA:548,0
DA:549,0
DA:550,0
DA:551,0
DA:552,0
DA:553,0
DA:557,0
DA:560,0
DA:563,0
DA:574,0
DA:575,0
DA:576,0
DA:577,0
DA:578,0
DA:580,0
DA:583,0
DA:594,0
DA:595,0
DA:603,0
DA:604,0
DA:618,0
DA:625,0
DA:626,0
DA:628,0
DA:629,0
DA:631,0
DA:641,0
DA:642,0
DA:649,0
DA:650,0
DA:651,0
DA:652,0
DA:654,0
DA:656,0
LF:165
LH:0
BRDA:56,0,0,0
BRDA:56,0,1,0
BRDA:56,1,0,0
BRDA:56,1,1,0
BRDA:57,2,0,0
BRDA:57,2,1,0
BRDA:66,3,0,0
BRDA:66,3,1,0
BRDA:66,4,0,0
BRDA:66,4,1,0
BRDA:77,5,0,0
BRDA:89,6,0,0
BRDA:89,6,1,0
BRDA:103,7,0,0
BRDA:105,8,0,0
BRDA:105,8,1,0
BRDA:105,9,0,0
BRDA:105,9,1,0
BRDA:117,10,0,0
BRDA:126,11,0,0
BRDA:126,11,1,0
BRDA:126,12,0,0
BRDA:126,12,1,0
BRDA:131,13,0,0
BRDA:131,13,1,0
BRDA:131,14,0,0
BRDA:131,14,1,0
BRDA:260,15,0,0
BRDA:260,15,1,0
BRDA:260,16,0,0
BRDA:260,16,1,0
BRDA:264,17,0,0
BRDA:265,18,0,0
BRDA:265,18,1,0
BRDA:265,19,0,0
BRDA:265,19,1,0
BRDA:273,20,0,0
BRDA:274,21,0,0
BRDA:274,21,1,0
BRDA:274,22,0,0
BRDA:274,22,1,0
BRDA:274,23,0,0
BRDA:274,23,1,0
BRDA:277,24,0,0
BRDA:277,24,1,0
BRDA:277,24,2,0
BRDA:277,24,3,0
BRDA:277,24,4,0
BRDA:277,24,5,0
BRDA:282,25,0,0
BRDA:283,26,0,0
BRDA:283,26,1,0
BRDA:283,27,0,0
BRDA:283,27,1,0
BRDA:284,28,0,0
BRDA:284,28,1,0
BRDA:284,29,0,0
BRDA:284,29,1,0
BRDA:299,30,0,0
BRDA:299,31,0,0
BRDA:299,31,1,0
BRDA:299,32,0,0
BRDA:299,32,1,0
BRDA:316,33,0,0
BRDA:316,33,1,0
BRDA:316,34,0,0
BRDA:316,34,1,0
BRDA:317,35,0,0
BRDA:317,35,1,0
BRDA:317,36,0,0
BRDA:317,36,1,0
BRDA:333,37,0,0
BRDA:333,37,1,0
BRDA:333,38,0,0
BRDA:333,38,1,0
BRDA:337,39,0,0
BRDA:338,40,0,0
BRDA:338,40,1,0
BRDA:338,41,0,0
BRDA:338,41,1,0
BRDA:356,42,0,0
BRDA:357,43,0,0
BRDA:357,43,1,0
BRDA:360,44,0,0
BRDA:360,44,1,0
BRDA:360,45,0,0
BRDA:360,45,1,0
BRDA:383,46,0,0
BRDA:383,46,1,0
BRDA:383,47,0,0
BRDA:383,47,1,0
BRDA:396,48,0,0
BRDA:396,48,1,0
BRDA:399,49,0,0
BRDA:399,49,1,0
BRDA:405,50,0,0
BRDA:409,51,0,0
BRDA:409,51,1,0
BRDA:409,52,0,0
BRDA:409,52,1,0
BRDA:416,53,0,0
BRDA:416,53,1,0
BRDA:416,54,0,0
BRDA:416,54,1,0
BRDA:429,55,0,0
BRDA:429,55,1,0
BRDA:432,56,0,0
BRDA:432,56,1,0
BRDA:435,57,0,0
BRDA:435,57,1,0
BRDA:435,58,0,0
BRDA:435,58,1,0
BRDA:442,59,0,0
BRDA:442,59,1,0
BRDA:442,60,0,0
BRDA:442,60,1,0
BRDA:454,61,0,0
BRDA:457,62,0,0
BRDA:457,62,1,0
BRDA:460,63,0,0
BRDA:460,63,1,0
BRDA:460,64,0,0
BRDA:460,64,1,0
BRDA:472,65,0,0
BRDA:474,66,0,0
BRDA:474,66,1,0
BRDA:474,67,0,0
BRDA:474,67,1,0
BRDA:490,68,0,0
BRDA:492,69,0,0
BRDA:492,69,1,0
BRDA:504,70,0,0
BRDA:504,70,1,0
BRDA:507,71,0,0
BRDA:507,71,1,0
BRDA:511,72,0,0
BRDA:511,72,1,0
BRDA:511,73,0,0
BRDA:511,73,1,0
BRDA:514,74,0,0
BRDA:514,74,1,0
BRDA:514,75,0,0
BRDA:514,75,1,0
BRDA:523,76,0,0
BRDA:523,76,1,0
BRDA:527,77,0,0
BRDA:527,77,1,0
BRDA:527,78,0,0
BRDA:527,78,1,0
BRDA:530,79,0,0
BRDA:530,79,1,0
BRDA:530,80,0,0
BRDA:530,80,1,0
BRDA:544,81,0,0
BRDA:544,81,1,0
BRDA:547,82,0,0
BRDA:547,82,1,0
BRDA:547,83,0,0
BRDA:547,83,1,0
BRDA:552,84,0,0
BRDA:552,84,1,0
BRDA:553,85,0,0
BRDA:553,85,1,0
BRDA:553,86,0,0
BRDA:553,86,1,0
BRDA:557,87,0,0
BRDA:557,87,1,0
BRDA:557,88,0,0
BRDA:557,88,1,0
BRDA:560,89,0,0
BRDA:560,89,1,0
BRDA:560,90,0,0
BRDA:560,90,1,0
BRDA:563,91,0,0
BRDA:563,91,1,0
BRDA:563,92,0,0
BRDA:563,92,1,0
BRDA:574,93,0,0
BRDA:574,93,1,0
BRDA:580,94,0,0
BRDA:580,94,1,0
BRDA:580,95,0,0
BRDA:580,95,1,0
BRDA:583,96,0,0
BRDA:583,96,1,0
BRDA:583,97,0,0
BRDA:583,97,1,0
BRDA:594,98,0,0
BRDA:594,98,1,0
BRDA:594,99,0,0
BRDA:594,99,1,0
BRDA:603,100,0,0
BRDA:603,100,1,0
BRDA:603,101,0,0
BRDA:603,101,1,0
BRDA:618,102,0,0
BRDA:618,102,1,0
BRDA:618,103,0,0
BRDA:618,103,1,0
BRDA:625,104,0,0
BRDA:628,105,0,0
BRDA:628,105,1,0
BRDA:641,106,0,0
BRDA:641,106,1,0
BRDA:641,107,0,0
BRDA:641,107,1,0
BRDA:649,108,0,0
BRDA:656,109,0,0
BRDA:656,109,1,0
BRDA:656,110,0,0
BRDA:656,110,1,0
BRF:211
BRH:0
end_of_record
TN:
SF:obsidian-prj/src/libs/Table.ts
FN:11,(anonymous_0)
FN:55,(anonymous_1)
FN:71,(anonymous_2)
FN:79,(anonymous_3)
FN:85,(anonymous_4)
FN:97,(anonymous_5)
FN:104,(anonymous_6)
FN:130,(anonymous_7)
FN:145,(anonymous_8)
FN:148,(anonymous_9)
FN:178,(anonymous_10)
FN:203,(anonymous_11)
FN:215,(anonymous_12)
FN:228,(anonymous_13)
FN:233,(anonymous_14)
FN:256,(anonymous_15)
FN:287,(anonymous_16)
FN:297,(anonymous_17)
FN:316,(anonymous_18)
FN:345,(anonymous_19)
FN:356,(anonymous_20)
FN:381,(anonymous_21)
FN:392,(anonymous_22)
FN:417,(anonymous_23)
FN:421,(anonymous_25)
FN:446,(anonymous_26)
FN:461,(anonymous_27)
FN:487,(anonymous_28)
FN:501,(anonymous_29)
FN:505,(anonymous_30)
FN:510,(anonymous_31)
FN:524,(anonymous_32)
FN:526,(anonymous_33)
FN:540,(anonymous_34)
FN:542,(anonymous_35)
FN:553,(anonymous_36)
FN:573,(anonymous_37)
FN:575,(anonymous_38)
FN:578,(anonymous_39)
FN:596,(anonymous_40)
FN:605,(anonymous_41)
FN:612,(anonymous_42)
FN:627,(anonymous_43)
FN:633,(anonymous_44)
FN:642,(anonymous_45)
FN:644,(anonymous_46)
FN:663,(anonymous_47)
FN:665,(anonymous_48)
FN:669,(anonymous_49)
FN:689,(anonymous_50)
FNF:50
FNH:0
FNDA:0,(anonymous_0)
FNDA:0,(anonymous_1)
FNDA:0,(anonymous_2)
FNDA:0,(anonymous_3)
FNDA:0,(anonymous_4)
FNDA:0,(anonymous_5)
FNDA:0,(anonymous_6)
FNDA:0,(anonymous_7)
FNDA:0,(anonymous_8)
FNDA:0,(anonymous_9)
FNDA:0,(anonymous_10)
FNDA:0,(anonymous_11)
FNDA:0,(anonymous_12)
FNDA:0,(anonymous_13)
FNDA:0,(anonymous_14)
FNDA:0,(anonymous_15)
FNDA:0,(anonymous_16)
FNDA:0,(anonymous_17)
FNDA:0,(anonymous_18)
FNDA:0,(anonymous_19)
FNDA:0,(anonymous_20)
FNDA:0,(anonymous_21)
FNDA:0,(anonymous_22)
FNDA:0,(anonymous_23)
FNDA:0,(anonymous_25)
FNDA:0,(anonymous_26)
FNDA:0,(anonymous_27)
FNDA:0,(anonymous_28)
FNDA:0,(anonymous_29)
FNDA:0,(anonymous_30)
FNDA:0,(anonymous_31)
FNDA:0,(anonymous_32)
FNDA:0,(anonymous_33)
FNDA:0,(anonymous_34)
FNDA:0,(anonymous_35)
FNDA:0,(anonymous_36)
FNDA:0,(anonymous_37)
FNDA:0,(anonymous_38)
FNDA:0,(anonymous_39)
FNDA:0,(anonymous_40)
FNDA:0,(anonymous_41)
FNDA:0,(anonymous_42)
FNDA:0,(anonymous_43)
FNDA:0,(anonymous_44)
FNDA:0,(anonymous_45)
FNDA:0,(anonymous_46)
FNDA:0,(anonymous_47)
FNDA:0,(anonymous_48)
FNDA:0,(anonymous_49)
FNDA:0,(anonymous_50)
DA:2,0
DA:7,0
DA:12,0
DA:21,0
DA:25,0
DA:26,0
DA:28,0
DA:43,0
DA:61,0
DA:62,0
DA:63,0
DA:64,0
DA:65,0
DA:72,0
DA:80,0
DA:81,0
DA:82,0
DA:84,0
DA:85,0
DA:86,0
DA:90,0
DA:91,0
DA:92,0
DA:93,0
DA:95,0
DA:97,0
DA:98,0
DA:99,0
DA:100,0
DA:101,0
DA:103,0
DA:104,0
DA:105,0
DA:108,0
DA:109,0
DA:111,0
DA:112,0
DA:114,0
DA:123,0
DA:131,0
DA:146,0
DA:148,0
DA:149,0
DA:156,0
DA:157,0
DA:159,0
DA:160,0
DA:162,0
DA:166,0
DA:184,0
DA:185,0
DA:187,0
DA:188,0
DA:190,0
DA:209,0
DA:211,0
DA:212,0
DA:214,0
DA:215,0
DA:216,0
DA:220,0
DA:221,0
DA:222,0
DA:224,0
DA:225,0
DA:228,0
DA:229,0
DA:230,0
DA:232,0
DA:233,0
DA:234,0
DA:238,0
DA:240,0
DA:241,0
DA:243,0
DA:246,0
DA:259,0
DA:260,0
DA:265,0
DA:266,0
DA:270,0
DA:271,0
DA:277,0
DA:288,0
DA:298,0
DA:301,0
DA:304,0
DA:305,0
DA:306,0
DA:307,0
DA:309,0
DA:315,0
DA:316,0
DA:318,0
DA:320,0
DA:321,0
DA:323,0
DA:325,0
DA:326,0
DA:327,0
DA:329,0
DA:335,0
DA:346,0
DA:348,0
DA:357,0
DA:359,0
DA:364,0
DA:366,0
DA:367,0
DA:368,0
DA:369,0
DA:372,0
DA:382,0
DA:384,0
DA:393,0
DA:395,0
DA:400,0
DA:402,0
DA:403,0
DA:404,0
DA:405,0
DA:408,0
DA:418,0
DA:419,0
DA:421,0
DA:422,0
DA:426,0
DA:427,0
DA:428,0
DA:429,0
DA:431,0
DA:432,0
DA:433,0
DA:437,0
DA:447,0
DA:449,0
DA:450,0
DA:451,0
DA:462,0
DA:464,0
DA:465,0
DA:467,0
DA:468,0
DA:469,0
DA:471,0
DA:488,0
DA:489,0
DA:490,0
DA:491,0
DA:493,0
DA:504,0
DA:505,0
DA:508,0
DA:509,0
DA:510,0
DA:514,0
DA:525,0
DA:526,0
DA:529,0
DA:531,0
DA:541,0
DA:542,0
DA:558,0
DA:559,0
DA:561,0
DA:562,0
DA:565,0
DA:574,0
DA:575,0
DA:578,0
DA:579,0
DA:580,0
DA:581,0
DA:583,0
DA:584,0
DA:601,0
DA:602,0
DA:604,0
DA:605,0
DA:606,0
DA:607,0
DA:608,0
DA:612,0
DA:613,0
DA:614,0
DA:615,0
DA:620,0
DA:628,0
DA:629,0
DA:631,0
DA:633,0
DA:643,0
DA:644,0
DA:646,0
DA:647,0
DA:648,0
DA:650,0
DA:651,0
DA:654,0
DA:655,0
DA:664,0
DA:665,0
DA:667,0
DA:669,0
DA:670,0
DA:672,0
DA:673,0
DA:674,0
DA:677,0
DA:678,0
DA:690,0
DA:692,0
DA:693,0
DA:695,0
DA:697,0
DA:698,0
DA:700,0
DA:701,0
DA:703,0
DA:706,0
DA:710,0
LF:221
LH:0
BRDA:84,0,0,0
BRDA:103,1,0,0
BRDA:156,2,0,0
BRDA:159,3,0,0
BRDA:159,3,1,0
BRDA:187,4,0,0
BRDA:187,4,1,0
BRDA:214,5,0,0
BRDA:220,6,0,0
BRDA:220,6,1,0
BRDA:232,7,0,0
BRDA:232,8,0,0
BRDA:232,8,1,0
BRDA:232,9,0,0
BRDA:232,9,1,0
BRDA:233,10,0,0
BRDA:233,10,1,0
BRDA:233,11,0,0
BRDA:233,11,1,0
BRDA:240,12,0,0
BRDA:260,13,0,0
BRDA:270,14,0,0
BRDA:270,14,1,0
BRDA:272,15,0,0
BRDA:272,15,1,0
BRDA:301,16,0,0
BRDA:301,16,1,0
BRDA:304,17,0,0
BRDA:304,17,1,0
BRDA:305,18,0,0
BRDA:309,19,0,0
BRDA:309,19,1,0
BRDA:309,20,0,0
BRDA:309,20,1,0
BRDA:325,21,0,0
BRDA:329,22,0,0
BRDA:329,22,1,0
BRDA:329,23,0,0
BRDA:329,23,1,0
BRDA:348,24,0,0
BRDA:357,25,0,0
BRDA:357,25,1,0
BRDA:357,26,0,0
BRDA:357,26,1,0
BRDA:364,27,0,0
BRDA:364,27,1,0
BRDA:364,28,0,0
BRDA:364,28,1,0
BRDA:366,29,0,0
BRDA:384,30,0,0
BRDA:393,31,0,0
BRDA:393,31,1,0
BRDA:393,32,0,0
BRDA:393,32,1,0
BRDA:400,33,0,0
BRDA:400,33,1,0
BRDA:400,34,0,0
BRDA:400,34,1,0
BRDA:402,35,0,0
BRDA:418,36,0,0
BRDA:418,36,1,0
BRDA:418,37,0,0
BRDA:418,37,1,0
BRDA:422,38,0,0
BRDA:422,38,1,0
BRDA:422,39,0,0
BRDA:422,39,1,0
BRDA:426,40,0,0
BRDA:426,40,1,0
BRDA:427,41,0,0
BRDA:427,41,1,0
BRDA:427,42,0,0
BRDA:427,42,1,0
BRDA:429,43,0,0
BRDA:429,43,1,0
BRDA:431,44,0,0
BRDA:431,44,1,0
BRDA:431,45,0,0
BRDA:431,45,1,0
BRDA:433,46,0,0
BRDA:433,46,1,0
BRDA:437,47,0,0
BRDA:449,48,0,0
BRDA:464,49,0,0
BRDA:467,50,0,0
BRDA:471,51,0,0
BRDA:471,51,1,0
BRDA:471,52,0,0
BRDA:471,52,1,0
BRDA:504,53,0,0
BRDA:504,53,1,0
BRDA:504,54,0,0
BRDA:504,54,1,0
BRDA:508,55,0,0
BRDA:525,56,0,0
BRDA:525,56,1,0
BRDA:525,57,0,0
BRDA:525,57,1,0
BRDA:529,58,0,0
BRDA:529,58,1,0
BRDA:561,59,0,0
BRDA:579,60,0,0
BRDA:579,60,1,0
BRDA:604,61,0,0
BRDA:604,61,1,0
BRDA:606,62,0,0
BRDA:613,63,0,0
BRDA:650,64,0,0
BRDA:654,65,0,0
BRDA:672,66,0,0
BRDA:673,67,0,0
BRDA:677,68,0,0
BRDA:695,69,0,0
BRDA:695,69,1,0
BRDA:695,70,0,0
BRDA:695,70,1,0
BRDA:698,71,0,0
BRDA:698,71,1,0
BRDA:701,72,0,0
BRDA:701,72,1,0
BRF:120
BRH:0
end_of_record
TN:
SF:obsidian-prj/src/libs/BlockRenderComponents/DocumentBlockRenderComponent.ts
FN:71,(anonymous_0)
FN:80,(anonymous_1)
FN:92,(anonymous_2)
FN:98,(anonymous_6)
FN:125,(anonymous_7)
FN:189,(anonymous_9)
FN:192,(anonymous_11)
FN:204,(anonymous_12)
FN:207,(anonymous_14)
FN:218,(anonymous_15)
FN:236,(anonymous_17)
FN:237,(anonymous_18)
FN:284,(anonymous_19)
FN:308,(anonymous_21)
FN:309,(anonymous_22)
FN:357,(anonymous_23)
FN:358,(anonymous_24)
FN:389,(anonymous_25)
FN:426,(anonymous_26)
FN:457,(anonymous_27)
FN:468,(anonymous_28)
FN:479,(anonymous_29)
FN:493,(anonymous_31)
FNF:23
FNH:0
FNDA:0,(anonymous_0)
FNDA:0,(anonymous_1)
FNDA:0,(anonymous_2)
FNDA:0,(anonymous_6)
FNDA:0,(anonymous_7)
FNDA:0,(anonymous_9)
FNDA:0,(anonymous_11)
FNDA:0,(anonymous_12)
FNDA:0,(anonymous_14)
FNDA:0,(anonymous_15)
FNDA:0,(anonymous_17)
FNDA:0,(anonymous_18)
FNDA:0,(anonymous_19)
FNDA:0,(anonymous_21)
FNDA:0,(anonymous_22)
FNDA:0,(anonymous_23)
FNDA:0,(anonymous_24)
FNDA:0,(anonymous_25)
FNDA:0,(anonymous_26)
FNDA:0,(anonymous_27)
FNDA:0,(anonymous_28)
FNDA:0,(anonymous_29)
FNDA:0,(anonymous_31)
DA:1,0
DA:2,0
DA:3,0
DA:4,0
DA:5,0
DA:6,0
DA:7,0
DA:8,0
DA:9,0
DA:10,0
DA:14,0
DA:16,0
DA:17,0
DA:24,0
DA:26,0
DA:41,0
DA:72,0
DA:73,0
DA:81,0
DA:93,0
DA:95,0
DA:98,0
DA:100,0
DA:101,0
DA:102,0
DA:103,0
DA:104,0
DA:106,0
DA:107,0
DA:108,0
DA:109,0
DA:111,0
DA:127,0
DA:128,0
DA:129,0
DA:130,0
DA:133,0
DA:134,0
DA:135,0
DA:136,0
DA:137,0
DA:138,0
DA:140,0
DA:147,0
DA:149,0
DA:156,0
DA:158,0
DA:165,0
DA:167,0
DA:173,0
DA:175,0
DA:180,0
DA:190,0
DA:191,0
DA:192,0
DA:195,0
DA:197,0
DA:205,0
DA:207,0
DA:208,0
DA:221,0
DA:222,0
DA:224,0
DA:237,0
DA:240,0
DA:241,0
DA:242,0
DA:243,0
DA:245,0
DA:246,0
DA:248,0
DA:251,0
DA:253,0
DA:255,0
DA:257,0
DA:258,0
DA:260,0
DA:261,0
DA:262,0
DA:264,0
DA:268,0
DA:270,0
DA:271,0
DA:272,0
DA:273,0
DA:274,0
DA:285,0
DA:286,0
DA:287,0
DA:290,0
DA:291,0
DA:293,0
DA:300,0
DA:301,0
DA:303,0
DA:308,0
DA:309,0
DA:313,0
DA:314,0
DA:316,0
DA:323,0
DA:328,0
DA:331,0
DA:332,0
DA:334,0
DA:340,0
DA:349,0
DA:350,0
DA:352,0
DA:357,0
DA:358,0
DA:362,0
DA:363,0
DA:365,0
DA:371,0
DA:373,0
DA:380,0
DA:393,0
DA:394,0
DA:396,0
DA:397,0
DA:398,0
DA:401,0
DA:402,0
DA:403,0
DA:407,0
DA:409,0
DA:410,0
DA:411,0
DA:412,0
DA:413,0
DA:414,0
DA:417,0
DA:427,0
DA:432,0
DA:435,0
DA:439,0
DA:442,0
DA:446,0
DA:449,0
DA:458,0
DA:460,0
DA:469,0
DA:480,0
DA:486,0
DA:494,0
LF:146
LH:0
BRDA:111,0,0,0
BRDA:111,0,1,0
BRDA:111,1,0,0
BRDA:111,1,1,0
BRDA:190,2,0,0
BRDA:190,2,1,0
BRDA:237,3,0,0
BRDA:238,4,0,0
BRDA:245,5,0,0
BRDA:245,5,1,0
BRDA:255,6,0,0
BRDA:255,6,1,0
BRDA:258,7,0,0
BRDA:258,7,1,0
BRDA:260,8,0,0
BRDA:260,9,0,0
BRDA:260,9,1,0
BRDA:261,10,0,0
BRDA:261,10,1,0
BRDA:268,11,0,0
BRDA:270,12,0,0
BRDA:270,13,0,0
BRDA:270,13,1,0
BRDA:270,13,2,0
BRDA:308,14,0,0
BRDA:308,14,1,0
BRDA:308,15,0,0
BRDA:308,15,1,0
BRDA:357,16,0,0
BRDA:357,16,1,0
BRDA:357,17,0,0
BRDA:357,17,1,0
BRDA:368,18,0,0
BRDA:368,18,1,0
BRDA:368,19,0,0
BRDA:368,19,1,0
BRDA:368,20,0,0
BRDA:368,20,1,0
BRDA:368,21,0,0
BRDA:368,21,1,0
BRDA:396,22,0,0
BRDA:397,23,0,0
BRDA:397,23,1,0
BRDA:397,24,0,0
BRDA:397,24,1,0
BRDA:398,25,0,0
BRDA:398,25,1,0
BRDA:398,26,0,0
BRDA:398,26,1,0
BRDA:401,27,0,0
BRDA:401,28,0,0
BRDA:401,28,1,0
BRDA:407,29,0,0
BRDA:407,29,1,0
BRDA:409,30,0,0
BRDA:409,30,1,0
BRDA:409,31,0,0
BRDA:409,31,1,0
BRDA:411,32,0,0
BRDA:411,32,1,0
BRDA:413,33,0,0
BRDA:414,34,0,0
BRDA:414,34,1,0
BRDA:427,35,0,0
BRDA:428,36,0,0
BRDA:428,36,1,0
BRDA:428,36,2,0
BRDA:435,37,0,0
BRDA:436,38,0,0
BRDA:436,38,1,0
BRDA:442,39,0,0
BRDA:443,40,0,0
BRDA:443,40,1,0
BRDA:460,41,0,0
BRDA:460,41,1,0
BRDA:461,42,0,0
BRDA:461,42,1,0
BRDA:461,43,0,0
BRDA:461,43,1,0
BRF:79
BRH:0
end_of_record
TN:
SF:obsidian-prj/src/libs/BlockRenderComponents/HeaderBlockRenderComponent.ts
FN:60,(anonymous_0)
FN:68,(anonymous_1)
FN:76,(anonymous_2)
FN:85,(anonymous_3)
FN:97,(anonymous_4)
FN:104,(anonymous_5)
FN:111,(anonymous_6)
FN:118,(anonymous_7)
FN:125,(anonymous_8)
FN:132,(anonymous_9)
FN:139,(anonymous_10)
FN:146,(anonymous_11)
FN:164,(anonymous_12)
FN:177,(anonymous_13)
FN:184,(anonymous_14)
FN:194,(anonymous_15)
FN:202,(anonymous_16)
FN:214,(anonymous_17)
FN:215,(anonymous_18)
FN:227,(anonymous_19)
FN:240,(anonymous_20)
FN:254,(anonymous_21)
FN:272,(anonymous_23)
FN:284,(anonymous_24)
FN:294,(anonymous_25)
FN:321,(anonymous_27)
FN:339,(anonymous_28)
FN:343,(anonymous_29)
FN:349,(anonymous_30)
FN:363,(anonymous_31)
FN:372,(anonymous_32)
FN:383,(anonymous_33)
FN:383,(anonymous_34)
FN:387,(anonymous_35)
FN:392,(anonymous_36)
FN:414,(anonymous_37)
FN:419,(anonymous_38)
FN:426,(anonymous_39)
FN:443,(anonymous_40)
FN:474,(anonymous_41)
FN:495,(anonymous_42)
FN:506,(anonymous_43)
FN:513,(anonymous_44)
FN:519,(anonymous_45)
FN:537,(anonymous_46)
FN:553,(anonymous_47)
FN:557,(anonymous_48)
FN:41,(anonymous_49)
FNF:48
FNH:0
FNDA:0,(anonymous_0)
FNDA:0,(anonymous_1)
FNDA:0,(anonymous_2)
FNDA:0,(anonymous_3)
FNDA:0,(anonymous_4)
FNDA:0,(anonymous_5)
FNDA:0,(anonymous_6)
FNDA:0,(anonymous_7)
FNDA:0,(anonymous_8)
FNDA:0,(anonymous_9)
FNDA:0,(anonymous_10)
FNDA:0,(anonymous_11)
FNDA:0,(anonymous_12)
FNDA:0,(anonymous_13)
FNDA:0,(anonymous_14)
FNDA:0,(anonymous_15)
FNDA:0,(anonymous_16)
FNDA:0,(anonymous_17)
FNDA:0,(anonymous_18)
FNDA:0,(anonymous_19)
FNDA:0,(anonymous_20)
FNDA:0,(anonymous_21)
FNDA:0,(anonymous_23)
FNDA:0,(anonymous_24)
FNDA:0,(anonymous_25)
FNDA:0,(anonymous_27)
FNDA:0,(anonymous_28)
FNDA:0,(anonymous_29)
FNDA:0,(anonymous_30)
FNDA:0,(anonymous_31)
FNDA:0,(anonymous_32)
FNDA:0,(anonymous_33)
FNDA:0,(anonymous_34)
FNDA:0,(anonymous_35)
FNDA:0,(anonymous_36)
FNDA:0,(anonymous_37)
FNDA:0,(anonymous_38)
FNDA:0,(anonymous_39)
FNDA:0,(anonymous_40)
FNDA:0,(anonymous_41)
FNDA:0,(anonymous_42)
FNDA:0,(anonymous_43)
FNDA:0,(anonymous_44)
FNDA:0,(anonymous_45)
FNDA:0,(anonymous_46)
FNDA:0,(anonymous_47)
FNDA:0,(anonymous_48)
FNDA:0,(anonymous_49)
DA:1,0
DA:2,0
DA:3,0
DA:10,0
DA:12,0
DA:13,0
DA:17,0
DA:18,0
DA:31,0
DA:36,0
DA:38,0
DA:41,0
DA:44,0
DA:46,0
DA:61,0
DA:69,0
DA:70,0
DA:77,0
DA:86,0
DA:87,0
DA:88,0
DA:91,0
DA:98,0
DA:105,0
DA:112,0
DA:119,0
DA:126,0
DA:133,0
DA:140,0
DA:149,0
DA:151,0
DA:153,0
DA:157,0
DA:171,0
DA:178,0
DA:185,0
DA:195,0
DA:203,0
DA:204,0
DA:205,0
DA:207,0
DA:210,0
DA:212,0
DA:214,0
DA:215,0
DA:218,0
DA:219,0
DA:220,0
DA:228,0
DA:233,0
DA:241,0
DA:246,0
DA:255,0
DA:256,0
DA:257,0
DA:258,0
DA:260,0
DA:273,0
DA:274,0
DA:285,0
DA:286,0
DA:287,0
DA:295,0
DA:296,0
DA:298,0
DA:300,0
DA:301,0
DA:303,0
DA:304,0
DA:306,0
DA:307,0
DA:309,0
DA:311,0
DA:322,0
DA:324,0
DA:332,0
DA:340,0
DA:341,0
DA:343,0
DA:344,0
DA:350,0
DA:352,0
DA:356,0
DA:364,0
DA:365,0
DA:367,0
DA:368,0
DA:369,0
DA:371,0
DA:373,0
DA:383,0
DA:384,0
DA:388,0
DA:390,0
DA:394,0
DA:401,0
DA:402,0
DA:407,0
DA:415,0
DA:416,0
DA:418,0
DA:420,0
DA:427,0
DA:429,0
DA:434,0
DA:444,0
DA:446,0
DA:447,0
DA:448,0
DA:450,0
DA:452,0
DA:456,0
DA:457,0
DA:458,0
DA:460,0
DA:461,0
DA:464,0
DA:467,0
DA:475,0
DA:476,0
DA:478,0
DA:479,0
DA:480,0
DA:481,0
DA:483,0
DA:484,0
DA:485,0
DA:487,0
DA:496,0
DA:497,0
DA:499,0
DA:507,0
DA:511,0
DA:513,0
DA:514,0
DA:516,0
DA:518,0
DA:520,0
DA:524,0
DA:526,0
DA:538,0
DA:540,0
DA:541,0
DA:543,0
DA:544,0
DA:545,0
DA:554,0
DA:555,0
DA:557,0
DA:558,0
LF:150
LH:0
BRDA:86,0,0,0
BRDA:105,1,0,0
BRDA:105,1,1,0
BRDA:105,2,0,0
BRDA:105,2,1,0
BRDA:105,3,0,0
BRDA:105,3,1,0
BRDA:105,4,0,0
BRDA:105,4,1,0
BRDA:112,5,0,0
BRDA:119,6,0,0
BRDA:119,6,1,0
BRDA:119,7,0,0
BRDA:119,7,1,0
BRDA:119,8,0,0
BRDA:119,8,1,0
BRDA:119,9,0,0
BRDA:119,9,1,0
BRDA:119,10,0,0
BRDA:119,10,1,0
BRDA:119,11,0,0
BRDA:119,11,1,0
BRDA:126,12,0,0
BRDA:133,13,0,0
BRDA:133,13,1,0
BRDA:133,14,0,0
BRDA:133,14,1,0
BRDA:133,15,0,0
BRDA:133,15,1,0
BRDA:133,16,0,0
BRDA:133,16,1,0
BRDA:140,17,0,0
BRDA:149,18,0,0
BRDA:151,19,0,0
BRDA:178,20,0,0
BRDA:178,20,1,0
BRDA:178,21,0,0
BRDA:178,21,1,0
BRDA:186,22,0,0
BRDA:186,22,1,0
BRDA:186,23,0,0
BRDA:186,23,1,0
BRDA:186,24,0,0
BRDA:186,24,1,0
BRDA:186,25,0,0
BRDA:186,25,1,0
BRDA:186,26,0,0
BRDA:186,26,1,0
BRDA:186,27,0,0
BRDA:186,27,1,0
BRDA:195,28,0,0
BRDA:195,28,1,0
BRDA:195,29,0,0
BRDA:195,29,1,0
BRDA:256,30,0,0
BRDA:256,30,1,0
BRDA:256,31,0,0
BRDA:256,31,1,0
BRDA:260,32,0,0
BRDA:260,32,1,0
BRDA:260,33,0,0
BRDA:260,33,1,0
BRDA:273,34,0,0
BRDA:285,35,0,0
BRDA:296,36,0,0
BRDA:298,37,0,0
BRDA:300,38,0,0
BRDA:303,39,0,0
BRDA:306,40,0,0
BRDA:311,41,0,0
BRDA:311,41,1,0
BRDA:311,42,0,0
BRDA:311,42,1,0
BRDA:344,43,0,0
BRDA:344,43,1,0
BRDA:344,44,0,0
BRDA:344,44,1,0
BRDA:382,45,0,0
BRDA:382,45,1,0
BRDA:382,46,0,0
BRDA:382,46,1,0
BRDA:394,47,0,0
BRDA:394,47,1,0
BRDA:402,48,0,0
BRDA:402,48,1,0
BRDA:402,49,0,0
BRDA:402,49,1,0
BRDA:421,50,0,0
BRDA:421,50,1,0
BRDA:421,51,0,0
BRDA:421,51,1,0
BRDA:443,52,0,0
BRDA:447,53,0,0
BRDA:447,53,1,0
BRDA:453,54,0,0
BRDA:453,54,1,0
BRDA:460,55,0,0
BRDA:507,56,0,0
BRDA:508,57,0,0
BRDA:508,57,1,0
BRDA:514,58,0,0
BRDA:514,58,1,0
BRDA:516,59,0,0
BRDA:540,60,0,0
BRDA:540,61,0,0
BRDA:540,61,1,0
BRDA:541,62,0,0
BRDA:541,62,1,0
BRDA:541,63,0,0
BRDA:541,63,1,0
BRDA:543,64,0,0
BRDA:554,65,0,0
BRDA:554,65,1,0
BRDA:554,66,0,0
BRDA:554,66,1,0
BRF:115
BRH:0
end_of_record
TN:
SF:obsidian-prj/src/libs/BlockRenderComponents/NoteBlockRenderComponent.ts
FN:57,(anonymous_0)
FN:66,(anonymous_1)
FN:78,(anonymous_2)
FN:84,(anonymous_6)
FN:113,(anonymous_7)
FN:150,(anonymous_9)
FN:168,(anonymous_11)
FN:169,(anonymous_12)
FN:216,(anonymous_13)
FN:230,(anonymous_15)
FN:231,(anonymous_16)
FN:238,(anonymous_17)
FN:242,(anonymous_18)
FN:250,(anonymous_19)
FN:265,(anonymous_20)
FN:294,(anonymous_21)
FN:329,(anonymous_22)
FN:340,(anonymous_23)
FN:351,(anonymous_24)
FN:365,(anonymous_26)
FNF:20
FNH:0
FNDA:0,(anonymous_0)
FNDA:0,(anonymous_1)
FNDA:0,(anonymous_2)
FNDA:0,(anonymous_6)
FNDA:0,(anonymous_7)
FNDA:0,(anonymous_9)
FNDA:0,(anonymous_11)
FNDA:0,(anonymous_12)
FNDA:0,(anonymous_13)
FNDA:0,(anonymous_15)
FNDA:0,(anonymous_16)
FNDA:0,(anonymous_17)
FNDA:0,(anonymous_18)
FNDA:0,(anonymous_19)
FNDA:0,(anonymous_20)
FNDA:0,(anonymous_21)
FNDA:0,(anonymous_22)
FNDA:0,(anonymous_23)
FNDA:0,(anonymous_24)
FNDA:0,(anonymous_26)
DA:1,0
DA:2,0
DA:3,0
DA:5,0
DA:6,0
DA:7,0
DA:8,0
DA:9,0
DA:10,0
DA:14,0
DA:15,0
DA:17,0
DA:18,0
DA:26,0
DA:27,0
DA:42,0
DA:58,0
DA:59,0
DA:67,0
DA:79,0
DA:81,0
DA:84,0
DA:86,0
DA:87,0
DA:88,0
DA:89,0
DA:90,0
DA:92,0
DA:95,0
DA:96,0
DA:97,0
DA:99,0
DA:115,0
DA:116,0
DA:117,0
DA:118,0
DA:121,0
DA:122,0
DA:123,0
DA:124,0
DA:125,0
DA:126,0
DA:128,0
DA:134,0
DA:136,0
DA:141,0
DA:153,0
DA:154,0
DA:156,0
DA:169,0
DA:172,0
DA:173,0
DA:174,0
DA:175,0
DA:177,0
DA:178,0
DA:180,0
DA:183,0
DA:185,0
DA:187,0
DA:189,0
DA:190,0
DA:192,0
DA:193,0
DA:194,0
DA:196,0
DA:200,0
DA:202,0
DA:203,0
DA:204,0
DA:205,0
DA:206,0
DA:217,0
DA:218,0
DA:219,0
DA:222,0
DA:223,0
DA:225,0
DA:230,0
DA:231,0
DA:235,0
DA:236,0
DA:238,0
DA:239,0
DA:243,0
DA:251,0
DA:253,0
DA:258,0
DA:259,0
DA:261,0
DA:265,0
DA:269,0
DA:270,0
DA:272,0
DA:278,0
DA:285,0
DA:298,0
DA:299,0
DA:301,0
DA:302,0
DA:303,0
DA:306,0
DA:307,0
DA:308,0
DA:311,0
DA:313,0
DA:314,0
DA:315,0
DA:316,0
DA:317,0
DA:318,0
DA:321,0
DA:330,0
DA:332,0
DA:341,0
DA:352,0
DA:358,0
DA:366,0
LF:118
LH:0
BRDA:99,0,0,0
BRDA:99,0,1,0
BRDA:99,1,0,0
BRDA:99,1,1,0
BRDA:169,2,0,0
BRDA:170,3,0,0
BRDA:177,4,0,0
BRDA:177,4,1,0
BRDA:187,5,0,0
BRDA:187,5,1,0
BRDA:190,6,0,0
BRDA:190,6,1,0
BRDA:192,7,0,0
BRDA:192,8,0,0
BRDA:192,8,1,0
BRDA:193,9,0,0
BRDA:193,9,1,0
BRDA:200,10,0,0
BRDA:202,11,0,0
BRDA:202,12,0,0
BRDA:202,12,1,0
BRDA:202,12,2,0
BRDA:230,13,0,0
BRDA:230,13,1,0
BRDA:230,14,0,0
BRDA:230,14,1,0
BRDA:239,15,0,0
BRDA:239,15,1,0
BRDA:239,16,0,0
BRDA:239,16,1,0
BRDA:264,17,0,0
BRDA:264,17,1,0
BRDA:264,18,0,0
BRDA:264,18,1,0
BRDA:275,19,0,0
BRDA:275,19,1,0
BRDA:275,20,0,0
BRDA:275,20,1,0
BRDA:275,21,0,0
BRDA:275,21,1,0
BRDA:275,22,0,0
BRDA:275,22,1,0
BRDA:301,23,0,0
BRDA:302,24,0,0
BRDA:302,24,1,0
BRDA:302,25,0,0
BRDA:302,25,1,0
BRDA:303,26,0,0
BRDA:303,26,1,0
BRDA:303,27,0,0
BRDA:303,27,1,0
BRDA:306,28,0,0
BRDA:306,29,0,0
BRDA:306,29,1,0
BRDA:313,30,0,0
BRDA:313,30,1,0
BRDA:313,31,0,0
BRDA:313,31,1,0
BRDA:315,32,0,0
BRDA:315,32,1,0
BRDA:317,33,0,0
BRDA:318,34,0,0
BRDA:318,34,1,0
BRDA:332,35,0,0
BRDA:332,35,1,0
BRDA:333,36,0,0
BRDA:333,36,1,0
BRDA:333,37,0,0
BRDA:333,37,1,0
BRF:69
BRH:0
end_of_record
TN:
SF:obsidian-prj/src/libs/BlockRenderComponents/ProjectBlockRenderComponent.ts
FN:75,(anonymous_0)
FN:84,(anonymous_1)
FN:92,(anonymous_2)
FN:100,(anonymous_3)
FN:106,(anonymous_7)
FN:132,(anonymous_8)
FN:145,(anonymous_10)
FN:226,(anonymous_12)
FN:227,(anonymous_13)
FN:273,(anonymous_14)
FN:307,(anonymous_16)
FN:308,(anonymous_17)
FN:318,(anonymous_18)
FN:328,(anonymous_19)
FN:329,(anonymous_20)
FN:342,(anonymous_21)
FN:343,(anonymous_22)
FN:353,(anonymous_23)
FN:354,(anonymous_24)
FN:385,(anonymous_25)
FN:388,(anonymous_27)
FN:399,(anonymous_28)
FN:402,(anonymous_30)
FN:412,(anonymous_31)
FN:427,(anonymous_33)
FN:472,(anonymous_34)
FN:506,(anonymous_35)
FN:525,(anonymous_36)
FNF:28
FNH:0
FNDA:0,(anonymous_0)
FNDA:0,(anonymous_1)
FNDA:0,(anonymous_2)
FNDA:0,(anonymous_3)
FNDA:0,(anonymous_7)
FNDA:0,(anonymous_8)
FNDA:0,(anonymous_10)
FNDA:0,(anonymous_12)
FNDA:0,(anonymous_13)
FNDA:0,(anonymous_14)
FNDA:0,(anonymous_16)
FNDA:0,(anonymous_17)
FNDA:0,(anonymous_18)
FNDA:0,(anonymous_19)
FNDA:0,(anonymous_20)
FNDA:0,(anonymous_21)
FNDA:0,(anonymous_22)
FNDA:0,(anonymous_23)
FNDA:0,(anonymous_24)
FNDA:0,(anonymous_25)
FNDA:0,(anonymous_27)
FNDA:0,(anonymous_28)
FNDA:0,(anonymous_30)
FNDA:0,(anonymous_31)
FNDA:0,(anonymous_33)
FNDA:0,(anonymous_34)
FNDA:0,(anonymous_35)
FNDA:0,(anonymous_36)
DA:1,0
DA:2,0
DA:3,0
DA:12,0
DA:13,0
DA:14,0
DA:15,0
DA:16,0
DA:17,0
DA:21,0
DA:24,0
DA:25,0
DA:30,0
DA:34,0
DA:49,0
DA:76,0
DA:77,0
DA:85,0
DA:93,0
DA:101,0
DA:103,0
DA:107,0
DA:109,0
DA:110,0
DA:111,0
DA:112,0
DA:113,0
DA:115,0
DA:120,0
DA:121,0
DA:122,0
DA:124,0
DA:133,0
DA:139,0
DA:147,0
DA:148,0
DA:149,0
DA:150,0
DA:153,0
DA:154,0
DA:155,0
DA:156,0
DA:157,0
DA:158,0
DA:160,0
DA:167,0
DA:169,0
DA:176,0
DA:178,0
DA:185,0
DA:187,0
DA:194,0
DA:196,0
DA:203,0
DA:205,0
DA:211,0
DA:213,0
DA:218,0
DA:227,0
DA:230,0
DA:231,0
DA:232,0
DA:233,0
DA:235,0
DA:236,0
DA:238,0
DA:241,0
DA:243,0
DA:244,0
DA:246,0
DA:247,0
DA:249,0
DA:250,0
DA:251,0
DA:253,0
DA:257,0
DA:259,0
DA:260,0
DA:261,0
DA:262,0
DA:263,0
DA:278,0
DA:279,0
DA:280,0
DA:283,0
DA:284,0
DA:286,0
DA:295,0
DA:296,0
DA:297,0
DA:300,0
DA:301,0
DA:303,0
DA:307,0
DA:308,0
DA:311,0
DA:312,0
DA:314,0
DA:318,0
DA:322,0
DA:323,0
DA:325,0
DA:328,0
DA:330,0
DA:334,0
DA:335,0
DA:337,0
DA:342,0
DA:343,0
DA:347,0
DA:348,0
DA:350,0
DA:353,0
DA:355,0
DA:359,0
DA:360,0
DA:362,0
DA:368,0
DA:370,0
DA:377,0
DA:386,0
DA:387,0
DA:388,0
DA:391,0
DA:393,0
DA:400,0
DA:402,0
DA:403,0
DA:415,0
DA:416,0
DA:418,0
DA:433,0
DA:434,0
DA:436,0
DA:440,0
DA:443,0
DA:444,0
DA:445,0
DA:448,0
DA:449,0
DA:450,0
DA:454,0
DA:456,0
DA:457,0
DA:458,0
DA:459,0
DA:460,0
DA:461,0
DA:464,0
DA:477,0
DA:481,0
DA:484,0
DA:488,0
DA:491,0
DA:495,0
DA:498,0
DA:511,0
DA:513,0
DA:514,0
DA:515,0
DA:516,0
DA:518,0
DA:526,0
LF:163
LH:0
BRDA:124,0,0,0
BRDA:124,0,1,0
BRDA:124,1,0,0
BRDA:124,1,1,0
BRDA:227,2,0,0
BRDA:228,3,0,0
BRDA:235,4,0,0
BRDA:235,4,1,0
BRDA:244,5,0,0
BRDA:244,5,1,0
BRDA:247,6,0,0
BRDA:247,6,1,0
BRDA:249,7,0,0
BRDA:249,8,0,0
BRDA:249,8,1,0
BRDA:250,9,0,0
BRDA:250,9,1,0
BRDA:257,10,0,0
BRDA:259,11,0,0
BRDA:259,12,0,0
BRDA:259,12,1,0
BRDA:259,12,2,0
BRDA:290,13,0,0
BRDA:290,13,1,0
BRDA:290,14,0,0
BRDA:290,14,1,0
BRDA:307,15,0,0
BRDA:307,15,1,0
BRDA:307,16,0,0
BRDA:307,16,1,0
BRDA:317,17,0,0
BRDA:317,17,1,0
BRDA:317,18,0,0
BRDA:317,18,1,0
BRDA:328,19,0,0
BRDA:328,19,1,0
BRDA:328,20,0,0
BRDA:328,20,1,0
BRDA:328,21,0,0
BRDA:328,21,1,0
BRDA:328,22,0,0
BRDA:328,22,1,0
BRDA:342,23,0,0
BRDA:342,23,1,0
BRDA:342,24,0,0
BRDA:342,24,1,0
BRDA:353,25,0,0
BRDA:353,25,1,0
BRDA:353,26,0,0
BRDA:353,26,1,0
BRDA:353,27,0,0
BRDA:353,27,1,0
BRDA:353,28,0,0
BRDA:353,28,1,0
BRDA:365,29,0,0
BRDA:365,29,1,0
BRDA:365,30,0,0
BRDA:365,30,1,0
BRDA:365,31,0,0
BRDA:365,31,1,0
BRDA:365,32,0,0
BRDA:365,32,1,0
BRDA:386,33,0,0
BRDA:386,33,1,0
BRDA:436,34,0,0
BRDA:437,35,0,0
BRDA:437,35,1,0
BRDA:438,36,0,0
BRDA:438,36,1,0
BRDA:438,37,0,0
BRDA:438,37,1,0
BRDA:443,38,0,0
BRDA:444,39,0,0
BRDA:444,39,1,0
BRDA:444,40,0,0
BRDA:444,40,1,0
BRDA:445,41,0,0
BRDA:445,41,1,0
BRDA:445,42,0,0
BRDA:445,42,1,0
BRDA:448,43,0,0
BRDA:448,44,0,0
BRDA:448,44,1,0
BRDA:454,45,0,0
BRDA:454,45,1,0
BRDA:456,46,0,0
BRDA:456,46,1,0
BRDA:456,47,0,0
BRDA:456,47,1,0
BRDA:458,48,0,0
BRDA:458,48,1,0
BRDA:460,49,0,0
BRDA:461,50,0,0
BRDA:461,50,1,0
BRDA:477,51,0,0
BRDA:478,52,0,0
BRDA:478,52,1,0
BRDA:479,53,0,0
BRDA:479,53,1,0
BRDA:479,54,0,0
BRDA:479,54,1,0
BRDA:484,55,0,0
BRDA:485,56,0,0
BRDA:485,56,1,0
BRDA:486,57,0,0
BRDA:486,57,1,0
BRDA:486,58,0,0
BRDA:486,58,1,0
BRDA:491,59,0,0
BRDA:492,60,0,0
BRDA:492,60,1,0
BRDA:493,61,0,0
BRDA:493,61,1,0
BRDA:493,62,0,0
BRDA:493,62,1,0
BRDA:513,63,0,0
BRDA:513,63,1,0
BRDA:514,64,0,0
BRDA:514,64,1,0
BRDA:514,65,0,0
BRDA:514,65,1,0
BRDA:515,66,0,0
BRDA:515,66,1,0
BRDA:518,67,0,0
BRDA:518,67,1,0
BRDA:518,68,0,0
BRDA:518,68,1,0
BRF:127
BRH:0
end_of_record
TN:
SF:obsidian-prj/src/libs/BlockRenderComponents/RedrawableBlockRenderComponent.ts
FNF:0
FNH:0
DA:4,0
LF:1
LH:0
BRF:0
BRH:0
end_of_record
TN:
SF:obsidian-prj/src/libs/BlockRenderComponents/TableBlockRenderComponent.ts
FN:61,(anonymous_0)
FN:73,(anonymous_1)
FN:84,(anonymous_3)
FN:106,(anonymous_5)
FN:106,(anonymous_6)
FN:122,(anonymous_7)
FN:133,(anonymous_9)
FN:142,(anonymous_10)
FN:157,(anonymous_11)
FN:158,(anonymous_12)
FN:176,(anonymous_13)
FN:203,(anonymous_14)
FN:226,(anonymous_15)
FN:252,(anonymous_16)
FN:256,(anonymous_17)
FN:271,(anonymous_18)
FN:282,(anonymous_19)
FN:292,(anonymous_20)
FN:333,(anonymous_21)
FN:365,(anonymous_23)
FN:30,(anonymous_25)
FNF:21
FNH:0
FNDA:0,(anonymous_0)
FNDA:0,(anonymous_1)
FNDA:0,(anonymous_3)
FNDA:0,(anonymous_5)
FNDA:0,(anonymous_6)
FNDA:0,(anonymous_7)
FNDA:0,(anonymous_9)
FNDA:0,(anonymous_10)
FNDA:0,(anonymous_11)
FNDA:0,(anonymous_12)
FNDA:0,(anonymous_13)
FNDA:0,(anonymous_14)
FNDA:0,(anonymous_15)
FNDA:0,(anonymous_16)
FNDA:0,(anonymous_17)
FNDA:0,(anonymous_18)
FNDA:0,(anonymous_19)
FNDA:0,(anonymous_20)
FNDA:0,(anonymous_21)
FNDA:0,(anonymous_23)
FNDA:0,(anonymous_25)
DA:1,0
DA:2,0
DA:6,0
DA:10,0
DA:13,0
DA:16,0
DA:18,0
DA:23,0
DA:29,0
DA:31,0
DA:33,0
DA:35,0
DA:37,0
DA:62,0
DA:63,0
DA:64,0
DA:74,0
DA:86,0
DA:87,0
DA:88,0
DA:91,0
DA:92,0
DA:93,0
DA:96,0
DA:97,0
DA:98,0
DA:99,0
DA:100,0
DA:101,0
DA:103,0
DA:106,0
DA:107,0
DA:108,0
DA:112,0
DA:113,0
DA:114,0
DA:123,0
DA:125,0
DA:134,0
DA:143,0
DA:158,0
DA:159,0
DA:161,0
DA:162,0
DA:163,0
DA:164,0
DA:166,0
DA:167,0
DA:168,0
DA:169,0
DA:171,0
DA:173,0
DA:175,0
DA:177,0
DA:180,0
DA:182,0
DA:184,0
DA:186,0
DA:187,0
DA:189,0
DA:190,0
DA:192,0
DA:204,0
DA:206,0
DA:207,0
DA:210,0
DA:212,0
DA:214,0
DA:215,0
DA:216,0
DA:217,0
DA:226,0
DA:230,0
DA:232,0
DA:233,0
DA:235,0
DA:236,0
DA:239,0
DA:242,0
DA:243,0
DA:244,0
DA:253,0
DA:254,0
DA:256,0
DA:257,0
DA:272,0
DA:287,0
DA:290,0
DA:292,0
DA:293,0
DA:299,0
DA:302,0
DA:303,0
DA:305,0
DA:307,0
DA:310,0
DA:313,0
DA:315,0
DA:316,0
DA:318,0
DA:321,0
DA:337,0
DA:338,0
DA:339,0
DA:340,0
DA:341,0
DA:342,0
DA:344,0
DA:345,0
DA:346,0
DA:348,0
DA:349,0
DA:350,0
DA:351,0
DA:353,0
DA:356,0
DA:366,0
DA:367,0
DA:368,0
DA:369,0
DA:370,0
DA:371,0
DA:372,0
DA:374,0
DA:375,0
DA:377,0
DA:378,0
DA:379,0
DA:381,0
DA:385,0
DA:386,0
DA:389,0
DA:393,0
DA:394,0
DA:396,0
DA:397,0
DA:400,0
DA:401,0
DA:403,0
DA:406,0
DA:407,0
DA:408,0
DA:412,0
LF:143
LH:0
BRDA:159,0,0,0
BRDA:159,0,1,0
BRDA:159,0,2,0
BRDA:159,0,3,0
BRDA:161,1,0,0
BRDA:161,1,1,0
BRDA:163,2,0,0
BRDA:163,2,1,0
BRDA:164,3,0,0
BRDA:164,3,1,0
BRDA:164,4,0,0
BRDA:164,4,1,0
BRDA:164,5,0,0
BRDA:164,5,1,0
BRDA:164,6,0,0
BRDA:164,6,1,0
BRDA:166,7,0,0
BRDA:166,7,1,0
BRDA:168,8,0,0
BRDA:168,8,1,0
BRDA:173,9,0,0
BRDA:173,9,1,0
BRDA:206,10,0,0
BRDA:206,11,0,0
BRDA:206,11,1,0
BRDA:207,12,0,0
BRDA:207,12,1,0
BRDA:207,13,0,0
BRDA:207,13,1,0
BRDA:210,14,0,0
BRDA:210,14,1,0
BRDA:210,15,0,0
BRDA:210,15,1,0
BRDA:210,16,0,0
BRDA:210,16,1,0
BRDA:210,17,0,0
BRDA:210,17,1,0
BRDA:210,18,0,0
BRDA:210,18,1,0
BRDA:210,19,0,0
BRDA:210,19,1,0
BRDA:214,20,0,0
BRDA:214,20,1,0
BRDA:216,21,0,0
BRDA:216,22,0,0
BRDA:216,22,1,0
BRDA:230,23,0,0
BRDA:236,24,0,0
BRDA:242,25,0,0
BRDA:253,26,0,0
BRDA:253,26,1,0
BRDA:253,27,0,0
BRDA:253,27,1,0
BRDA:294,28,0,0
BRDA:294,28,1,0
BRDA:294,29,0,0
BRDA:294,29,1,0
BRDA:299,30,0,0
BRDA:299,30,1,0
BRDA:302,31,0,0
BRDA:303,32,0,0
BRDA:303,32,1,0
BRDA:303,33,0,0
BRDA:303,33,1,0
BRDA:307,34,0,0
BRDA:307,34,1,0
BRDA:307,34,2,0
BRDA:310,35,0,0
BRDA:310,35,1,0
BRDA:318,36,0,0
BRDA:337,37,0,0
BRDA:337,37,1,0
BRDA:338,38,0,0
BRDA:338,38,1,0
BRDA:348,39,0,0
BRDA:379,40,0,0
BRDA:379,40,1,0
BRDA:379,41,0,0
BRDA:379,41,1,0
BRDA:381,42,0,0
BRDA:381,42,1,0
BRDA:381,43,0,0
BRDA:381,43,1,0
BRDA:385,44,0,0
BRDA:389,45,0,0
BRDA:389,45,1,0
BRDA:389,46,0,0
BRDA:389,46,1,0
BRDA:393,47,0,0
BRDA:393,47,1,0
BRDA:400,48,0,0
BRDA:400,49,0,0
BRDA:400,49,1,0
BRDA:400,49,2,0
BRDA:403,50,0,0
BRDA:403,50,1,0
BRDA:403,51,0,0
BRDA:403,51,1,0
BRF:98
BRH:0
end_of_record
TN:
SF:obsidian-prj/src/libs/BlockRenderComponents/InnerComponents/DocumentComponents.ts
FN:23,(anonymous_0)
FN:31,(anonymous_1)
FN:37,(anonymous_2)
FN:54,(anonymous_3)
FN:76,(anonymous_4)
FN:116,(anonymous_5)
FN:119,(anonymous_6)
FN:150,(anonymous_7)
FN:182,(anonymous_8)
FN:211,(anonymous_9)
FN:235,(anonymous_10)
FN:243,(anonymous_11)
FN:247,(anonymous_12)
FN:250,(anonymous_13)
FN:256,(anonymous_14)
FN:262,(anonymous_15)
FN:273,(anonymous_16)
FN:282,(anonymous_17)
FN:286,(anonymous_18)
FN:322,(anonymous_19)
FN:337,(anonymous_20)
FN:344,(anonymous_21)
FN:348,(anonymous_22)
FNF:23
FNH:0
FNDA:0,(anonymous_0)
FNDA:0,(anonymous_1)
FNDA:0,(anonymous_2)
FNDA:0,(anonymous_3)
FNDA:0,(anonymous_4)
FNDA:0,(anonymous_5)
FNDA:0,(anonymous_6)
FNDA:0,(anonymous_7)
FNDA:0,(anonymous_8)
FNDA:0,(anonymous_9)
FNDA:0,(anonymous_10)
FNDA:0,(anonymous_11)
FNDA:0,(anonymous_12)
FNDA:0,(anonymous_13)
FNDA:0,(anonymous_14)
FNDA:0,(anonymous_15)
FNDA:0,(anonymous_16)
FNDA:0,(anonymous_17)
FNDA:0,(anonymous_18)
FNDA:0,(anonymous_19)
FNDA:0,(anonymous_20)
FNDA:0,(anonymous_21)
FNDA:0,(anonymous_22)
DA:1,0
DA:2,0
DA:3,0
DA:6,0
DA:7,0
DA:8,0
DA:11,0
DA:16,0
DA:28,0
DA:30,0
DA:32,0
DA:38,0
DA:40,0
DA:61,0
DA:63,0
DA:64,0
DA:65,0
DA:66,0
DA:68,0
DA:69,0
DA:70,0
DA:72,0
DA:73,0
DA:74,0
DA:76,0
DA:77,0
DA:78,0
DA:80,0
DA:81,0
DA:82,0
DA:84,0
DA:85,0
DA:86,0
DA:87,0
DA:89,0
DA:91,0
DA:92,0
DA:93,0
DA:94,0
DA:96,0
DA:99,0
DA:100,0
DA:101,0
DA:102,0
DA:104,0
DA:109,0
DA:112,0
DA:113,0
DA:114,0
DA:116,0
DA:117,0
DA:120,0
DA:127,0
DA:128,0
DA:129,0
DA:130,0
DA:133,0
DA:139,0
DA:155,0
DA:156,0
DA:157,0
DA:158,0
DA:160,0
DA:161,0
DA:162,0
DA:164,0
DA:165,0
DA:166,0
DA:168,0
DA:169,0
DA:170,0
DA:171,0
DA:173,0
DA:174,0
DA:175,0
DA:177,0
DA:183,0
DA:185,0
DA:190,0
DA:193,0
DA:194,0
DA:195,0
DA:197,0
DA:198,0
DA:199,0
DA:200,0
DA:202,0
DA:203,0
DA:204,0
DA:206,0
DA:212,0
DA:214,0
DA:219,0
DA:222,0
DA:243,0
DA:244,0
DA:248,0
DA:251,0
DA:257,0
DA:260,0
DA:262,0
DA:279,0
DA:280,0
DA:282,0
DA:283,0
DA:287,0
DA:289,0
DA:293,0
DA:295,0
DA:296,0
DA:298,0
DA:300,0
DA:301,0
DA:302,0
DA:304,0
DA:311,0
DA:314,0
DA:321,0
DA:322,0
DA:323,0
DA:325,0
DA:342,0
DA:344,0
DA:345,0
DA:349,0
DA:350,0
DA:352,0
DA:353,0
DA:355,0
DA:356,0
DA:359,0
DA:362,0
DA:364,0
LF:133
LH:0
BRDA:28,0,0,0
BRDA:28,0,1,0
BRDA:28,1,0,0
BRDA:28,1,1,0
BRDA:63,2,0,0
BRDA:63,3,0,0
BRDA:63,3,1,0
BRDA:91,4,0,0
BRDA:91,4,1,0
BRDA:93,5,0,0
BRDA:117,6,0,0
BRDA:117,6,1,0
BRDA:117,7,0,0
BRDA:117,7,1,0
BRDA:161,8,0,0
BRDA:161,8,1,0
BRDA:161,9,0,0
BRDA:161,9,1,0
BRDA:162,10,0,0
BRDA:162,10,1,0
BRDA:162,11,0,0
BRDA:162,11,1,0
BRDA:164,12,0,0
BRDA:164,13,0,0
BRDA:164,13,1,0
BRDA:193,14,0,0
BRDA:193,15,0,0
BRDA:193,15,1,0
BRDA:241,16,0,0
BRDA:277,17,0,0
BRDA:283,18,0,0
BRDA:283,18,1,0
BRDA:283,19,0,0
BRDA:283,19,1,0
BRDA:290,20,0,0
BRDA:290,20,1,0
BRDA:290,21,0,0
BRDA:290,21,1,0
BRDA:293,22,0,0
BRDA:293,22,1,0
BRDA:293,23,0,0
BRDA:293,23,1,0
BRDA:295,24,0,0
BRDA:295,25,0,0
BRDA:295,25,1,0
BRDA:300,26,0,0
BRDA:306,27,0,0
BRDA:306,27,1,0
BRDA:306,28,0,0
BRDA:306,28,1,0
BRDA:321,29,0,0
BRDA:352,30,0,0
BRDA:352,30,1,0
BRDA:355,31,0,0
BRDA:355,31,1,0
BRF:55
BRH:0
end_of_record
TN:
SF:obsidian-prj/src/libs/BlockRenderComponents/InnerComponents/FilterButton.ts
FN:27,(anonymous_0)
FN:64,(anonymous_1)
FN:88,(anonymous_2)
FN:88,(anonymous_3)
FNF:4
FNH:0
FNDA:0,(anonymous_0)
FNDA:0,(anonymous_1)
FNDA:0,(anonymous_2)
FNDA:0,(anonymous_3)
DA:1,0
DA:2,0
DA:3,0
DA:13,0
DA:34,0
DA:36,0
DA:37,0
DA:39,0
DA:46,0
DA:48,0
DA:71,0
DA:72,0
DA:74,0
DA:75,0
DA:76,0
DA:78,0
DA:79,0
DA:81,0
DA:82,0
DA:83,0
DA:85,0
DA:88,0
DA:89,0
DA:91,0
DA:92,0
DA:97,0
DA:105,0
LF:27
LH:0
BRDA:78,0,0,0
BRF:1
BRH:0
end_of_record
TN:
SF:obsidian-prj/src/libs/BlockRenderComponents/InnerComponents/GeneralComponents.ts
FN:22,(anonymous_0)
FN:29,(anonymous_1)
FN:33,(anonymous_2)
FN:52,(anonymous_3)
FN:60,(anonymous_4)
FN:64,(anonymous_5)
FN:67,(anonymous_6)
FN:81,(anonymous_7)
FN:86,(anonymous_8)
FN:87,(anonymous_9)
FN:91,(anonymous_10)
FNF:11
FNH:0
FNDA:0,(anonymous_0)
FNDA:0,(anonymous_1)
FNDA:0,(anonymous_2)
FNDA:0,(anonymous_3)
FNDA:0,(anonymous_4)
FNDA:0,(anonymous_5)
FNDA:0,(anonymous_6)
FNDA:0,(anonymous_7)
FNDA:0,(anonymous_8)
FNDA:0,(anonymous_9)
FNDA:0,(anonymous_10)
DA:1,0
DA:2,0
DA:3,0
DA:6,0
DA:8,0
DA:13,0
DA:29,0
DA:30,0
DA:34,0
DA:35,0
DA:36,0
DA:38,0
DA:60,0
DA:61,0
DA:65,0
DA:68,0
DA:70,0
DA:86,0
DA:87,0
DA:88,0
DA:93,0
DA:94,0
DA:96,0
DA:101,0
DA:106,0
LF:25
LH:0
BRDA:31,0,0,0
BRDA:31,0,1,0
BRDA:31,1,0,0
BRDA:31,1,1,0
BRDA:31,2,0,0
BRDA:31,2,1,0
BRDA:31,3,0,0
BRDA:31,3,1,0
BRDA:96,4,0,0
BRDA:97,5,0,0
BRDA:97,5,1,0
BRDA:97,5,2,0
BRF:12
BRH:0
end_of_record
TN:
SF:obsidian-prj/src/libs/BlockRenderComponents/InnerComponents/MaxShownModelsInput.ts
FN:28,(anonymous_0)
FN:59,(anonymous_1)
FN:62,(anonymous_2)
FN:64,(anonymous_3)
FN:68,(anonymous_4)
FN:74,(anonymous_5)
FN:123,(anonymous_6)
FN:147,(anonymous_7)
FN:157,(anonymous_8)
FN:157,(anonymous_9)
FN:194,(anonymous_10)
FN:214,(anonymous_11)
FN:214,(anonymous_12)
FN:236,(anonymous_13)
FNF:14
FNH:0
FNDA:0,(anonymous_0)
FNDA:0,(anonymous_1)
FNDA:0,(anonymous_2)
FNDA:0,(anonymous_3)
FNDA:0,(anonymous_4)
FNDA:0,(anonymous_5)
FNDA:0,(anonymous_6)
FNDA:0,(anonymous_7)
FNDA:0,(anonymous_8)
FNDA:0,(anonymous_9)
FNDA:0,(anonymous_10)
FNDA:0,(anonymous_11)
FNDA:0,(anonymous_12)
FNDA:0,(anonymous_13)
DA:1,0
DA:2,0
DA:3,0
DA:13,0
DA:34,0
DA:35,0
DA:38,0
DA:46,0
DA:47,0
DA:48,0
DA:50,0
DA:59,0
DA:60,0
DA:62,0
DA:63,0
DA:65,0
DA:69,0
DA:75,0
DA:81,0
DA:89,0
DA:98,0
DA:107,0
DA:108,0
DA:109,0
DA:111,0
DA:128,0
DA:130,0
DA:131,0
DA:132,0
DA:133,0
DA:134,0
DA:136,0
DA:154,0
DA:157,0
DA:158,0
DA:160,0
DA:161,0
DA:169,0
DA:202,0
DA:204,0
DA:205,0
DA:206,0
DA:207,0
DA:208,0
DA:209,0
DA:211,0
DA:214,0
DA:215,0
DA:225,0
DA:243,0
DA:244,0
DA:246,0
DA:249,0
DA:253,0
DA:256,0
DA:257,0
LF:56
LH:0
BRDA:40,0,0,0
BRDA:40,0,1,0
BRDA:40,1,0,0
BRDA:40,1,1,0
BRDA:66,2,0,0
BRDA:66,2,1,0
BRDA:66,3,0,0
BRDA:66,3,1,0
BRDA:160,4,0,0
BRDA:160,4,1,0
BRDA:243,5,0,0
BRDA:243,5,1,0
BRDA:244,6,0,0
BRDA:244,6,1,0
BRDA:247,7,0,0
BRDA:247,7,1,0
BRF:16
BRH:0
end_of_record
TN:
SF:obsidian-prj/src/libs/BlockRenderComponents/InnerComponents/ProjectComponents.ts
FN:24,(anonymous_0)
FN:31,(anonymous_1)
FN:36,(anonymous_2)
FN:63,(anonymous_3)
FN:78,(anonymous_4)
FN:84,(anonymous_5)
FN:90,(anonymous_6)
FN:105,(anonymous_7)
FN:111,(anonymous_8)
FN:122,(anonymous_9)
FN:122,(anonymous_10)
FN:126,(anonymous_11)
FN:163,(anonymous_12)
FN:169,(anonymous_13)
FN:179,(anonymous_14)
FN:179,(anonymous_15)
FN:183,(anonymous_16)
FN:219,(anonymous_17)
FN:226,(anonymous_18)
FN:230,(anonymous_19)
FN:247,(anonymous_20)
FNF:21
FNH:0
FNDA:0,(anonymous_0)
FNDA:0,(anonymous_1)
FNDA:0,(anonymous_2)
FNDA:0,(anonymous_3)
FNDA:0,(anonymous_4)
FNDA:0,(anonymous_5)
FNDA:0,(anonymous_6)
FNDA:0,(anonymous_7)
FNDA:0,(anonymous_8)
FNDA:0,(anonymous_9)
FNDA:0,(anonymous_10)
FNDA:0,(anonymous_11)
FNDA:0,(anonymous_12)
FNDA:0,(anonymous_13)
FNDA:0,(anonymous_14)
FNDA:0,(anonymous_15)
FNDA:0,(anonymous_16)
FNDA:0,(anonymous_17)
FNDA:0,(anonymous_18)
FNDA:0,(anonymous_19)
FNDA:0,(anonymous_20)
DA:1,0
DA:2,0
DA:4,0
DA:6,0
DA:10,0
DA:15,0
DA:31,0
DA:32,0
DA:38,0
DA:40,0
DA:41,0
DA:45,0
DA:46,0
DA:48,0
DA:55,0
DA:57,0
DA:60,0
DA:64,0
DA:66,0
DA:84,0
DA:85,0
DA:91,0
DA:93,0
DA:111,0
DA:112,0
DA:122,0
DA:123,0
DA:127,0
DA:130,0
DA:132,0
DA:133,0
DA:135,0
DA:136,0
DA:138,0
DA:139,0
DA:141,0
DA:142,0
DA:144,0
DA:145,0
DA:147,0
DA:148,0
DA:151,0
DA:169,0
DA:170,0
DA:179,0
DA:180,0
DA:184,0
DA:187,0
DA:189,0
DA:190,0
DA:192,0
DA:193,0
DA:195,0
DA:196,0
DA:198,0
DA:199,0
DA:201,0
DA:202,0
DA:204,0
DA:206,0
DA:226,0
DA:227,0
DA:231,0
DA:232,0
DA:233,0
DA:235,0
DA:251,0
DA:252,0
DA:255,0
DA:257,0
DA:258,0
DA:260,0
DA:261,0
DA:263,0
DA:264,0
DA:266,0
DA:267,0
DA:269,0
DA:270,0
DA:272,0
DA:273,0
DA:275,0
DA:276,0
DA:278,0
LF:84
LH:0
BRDA:40,0,0,0
BRDA:40,0,1,0
BRDA:45,1,0,0
BRDA:45,1,1,0
BRDA:50,2,0,0
BRDA:50,2,1,0
BRDA:50,3,0,0
BRDA:50,3,1,0
BRDA:130,4,0,0
BRDA:130,4,1,0
BRDA:130,4,2,0
BRDA:130,4,3,0
BRDA:130,4,4,0
BRDA:130,4,5,0
BRDA:187,5,0,0
BRDA:187,5,1,0
BRDA:187,5,2,0
BRDA:187,5,3,0
BRDA:187,5,4,0
BRDA:228,6,0,0
BRDA:228,6,1,0
BRDA:228,7,0,0
BRDA:228,7,1,0
BRDA:255,8,0,0
BRDA:255,8,1,0
BRDA:255,8,2,0
BRDA:255,8,3,0
BRDA:255,8,4,0
BRDA:255,8,5,0
BRDA:255,8,6,0
BRF:30
BRH:0
end_of_record
TN:
SF:obsidian-prj/src/libs/BlockRenderComponents/InnerComponents/SearchInput.ts
FN:27,(anonymous_0)
FN:56,(anonymous_1)
FN:56,(anonymous_2)
FN:71,(anonymous_3)
FN:71,(anonymous_4)
FN:98,(anonymous_5)
FN:114,(anonymous_6)
FN:133,(anonymous_7)
FN:151,(anonymous_8)
FN:163,(anonymous_9)
FNF:10
FNH:0
FNDA:0,(anonymous_0)
FNDA:0,(anonymous_1)
FNDA:0,(anonymous_2)
FNDA:0,(anonymous_3)
FNDA:0,(anonymous_4)
FNDA:0,(anonymous_5)
FNDA:0,(anonymous_6)
FNDA:0,(anonymous_7)
FNDA:0,(anonymous_8)
FNDA:0,(anonymous_9)
DA:2,0
DA:3,0
DA:13,0
DA:32,0
DA:33,0
DA:35,0
DA:36,0
DA:37,0
DA:39,0
DA:42,0
DA:43,0
DA:45,0
DA:46,0
DA:47,0
DA:53,0
DA:56,0
DA:57,0
DA:68,0
DA:71,0
DA:72,0
DA:74,0
DA:75,0
DA:77,0
DA:82,0
DA:83,0
DA:88,0
DA:101,0
DA:102,0
DA:103,0
DA:104,0
DA:117,0
DA:118,0
DA:119,0
DA:121,0
DA:136,0
DA:137,0
DA:138,0
DA:139,0
DA:140,0
DA:141,0
DA:143,0
DA:155,0
DA:167,0
LF:43
LH:0
BRDA:45,0,0,0
BRF:1
BRH:0
end_of_record
TN:
SF:obsidian-prj/src/libs/ContextMenus/ContextMenu.ts
FN:24,(anonymous_0)
FN:29,(anonymous_1)
FN:36,(anonymous_2)
FN:48,(anonymous_3)
FN:65,(anonymous_4)
FN:93,(anonymous_5)
FN:110,(anonymous_6)
FN:120,(anonymous_7)
FN:128,(anonymous_8)
FN:12,(anonymous_9)
FNF:10
FNH:0
FNDA:0,(anonymous_0)
FNDA:0,(anonymous_1)
FNDA:0,(anonymous_2)
FNDA:0,(anonymous_3)
FNDA:0,(anonymous_4)
FNDA:0,(anonymous_5)
FNDA:0,(anonymous_6)
FNDA:0,(anonymous_7)
FNDA:0,(anonymous_8)
FNDA:0,(anonymous_9)
DA:5,0
DA:11,0
DA:12,0
DA:13,0
DA:15,0
DA:17,0
DA:18,0
DA:19,0
DA:30,0
DA:37,0
DA:38,0
DA:40,0
DA:49,0
DA:50,0
DA:51,0
DA:52,0
DA:54,0
DA:66,0
DA:67,0
DA:68,0
DA:70,0
DA:72,0
DA:94,0
DA:111,0
DA:121,0
DA:129,0
LF:26
LH:0
BRDA:37,0,0,0
BRDA:37,0,1,0
BRDA:40,1,0,0
BRDA:40,1,1,0
BRDA:40,2,0,0
BRDA:40,2,1,0
BRDA:52,3,0,0
BRDA:52,3,1,0
BRDA:52,4,0,0
BRDA:52,4,1,0
BRDA:54,5,0,0
BRDA:54,5,1,0
BRDA:54,6,0,0
BRDA:54,6,1,0
BRDA:70,7,0,0
BRDA:70,7,1,0
BRDA:70,8,0,0
BRDA:70,8,1,0
BRF:18
BRH:0
end_of_record
TN:
SF:obsidian-prj/src/libs/ContextMenus/CopyMarkdownLink.ts
FN:27,(anonymous_0)
FN:34,(anonymous_1)
FN:42,(anonymous_2)
FN:50,(anonymous_3)
FN:57,(anonymous_4)
FN:66,(anonymous_5)
FN:84,(anonymous_6)
FN:87,(anonymous_7)
FN:87,(anonymous_8)
FN:95,(anonymous_9)
FNF:10
FNH:0
FNDA:0,(anonymous_0)
FNDA:0,(anonymous_1)
FNDA:0,(anonymous_2)
FNDA:0,(anonymous_3)
FNDA:0,(anonymous_4)
FNDA:0,(anonymous_5)
FNDA:0,(anonymous_6)
FNDA:0,(anonymous_7)
FNDA:0,(anonymous_8)
FNDA:0,(anonymous_9)
DA:1,0
DA:2,0
DA:3,0
DA:4,0
DA:5,0
DA:7,0
DA:19,0
DA:20,0
DA:22,0
DA:28,0
DA:35,0
DA:36,0
DA:43,0
DA:44,0
DA:51,0
DA:58,0
DA:67,0
DA:68,0
DA:71,0
DA:76,0
DA:77,0
DA:80,0
DA:82,0
DA:84,0
DA:85,0
DA:87,0
DA:88,0
DA:96,0
LF:28
LH:0
BRDA:67,0,0,0
BRDA:76,1,0,0
BRF:2
BRH:0
end_of_record
TN:
SF:obsidian-prj/src/libs/ContextMenus/GetMetadata.ts
FN:39,(anonymous_0)
FN:46,(anonymous_1)
FN:54,(anonymous_2)
FN:62,(anonymous_3)
FN:71,(anonymous_4)
FN:80,(anonymous_5)
FN:89,(anonymous_6)
FN:104,(anonymous_7)
FN:109,(anonymous_8)
FN:109,(anonymous_9)
FN:121,(anonymous_10)
FN:124,(anonymous_11)
FN:143,(anonymous_12)
FNF:13
FNH:0
FNDA:0,(anonymous_0)
FNDA:0,(anonymous_1)
FNDA:0,(anonymous_2)
FNDA:0,(anonymous_3)
FNDA:0,(anonymous_4)
FNDA:0,(anonymous_5)
FNDA:0,(anonymous_6)
FNDA:0,(anonymous_7)
FNDA:0,(anonymous_8)
FNDA:0,(anonymous_9)
FNDA:0,(anonymous_10)
FNDA:0,(anonymous_11)
FNDA:0,(anonymous_12)
DA:1,0
DA:2,0
DA:3,0
DA:5,0
DA:6,0
DA:7,0
DA:9,0
DA:12,0
DA:25,0
DA:26,0
DA:28,0
DA:30,0
DA:32,0
DA:33,0
DA:40,0
DA:47,0
DA:48,0
DA:55,0
DA:56,0
DA:63,0
DA:65,0
DA:72,0
DA:81,0
DA:91,0
DA:92,0
DA:94,0
DA:96,0
DA:97,0
DA:99,0
DA:101,0
DA:102,0
DA:104,0
DA:105,0
DA:109,0
DA:110,0
DA:124,0
DA:125,0
DA:127,0
DA:132,0
DA:133,0
DA:135,0
DA:144,0
DA:145,0
DA:147,0
DA:152,0
DA:154,0
DA:156,0
DA:158,0
DA:159,0
DA:163,0
DA:165,0
DA:166,0
LF:52
LH:0
BRDA:91,0,0,0
BRDA:91,1,0,0
BRDA:91,1,1,0
BRDA:96,2,0,0
BRDA:101,3,0,0
BRDA:125,4,0,0
BRDA:125,4,1,0
BRDA:125,5,0,0
BRDA:125,5,1,0
BRDA:127,6,0,0
BRDA:127,6,1,0
BRDA:127,7,0,0
BRDA:127,7,1,0
BRDA:132,8,0,0
BRDA:132,8,1,0
BRDA:132,9,0,0
BRDA:132,9,1,0
BRDA:132,9,2,0
BRDA:147,10,0,0
BRDA:148,11,0,0
BRDA:148,11,1,0
BRDA:148,11,2,0
BRDA:152,12,0,0
BRDA:152,12,1,0
BRDA:152,13,0,0
BRDA:152,13,1,0
BRDA:158,14,0,0
BRDA:159,15,0,0
BRDA:159,15,1,0
BRDA:159,16,0,0
BRDA:159,16,1,0
BRF:31
BRH:0
end_of_record
TN:
SF:obsidian-prj/src/libs/CustomizableRenderChild/CustomizableRenderChild.ts
FN:28,(anonymous_0)
FN:45,(anonymous_1)
FN:56,(anonymous_2)
FNF:3
FNH:0
FNDA:0,(anonymous_0)
FNDA:0,(anonymous_1)
FNDA:0,(anonymous_2)
DA:1,0
DA:3,0
DA:13,0
DA:34,0
DA:35,0
DA:36,0
DA:37,0
DA:46,0
DA:47,0
DA:48,0
DA:57,0
DA:58,0
DA:59,0
LF:13
LH:0
BRDA:35,0,0,0
BRDA:35,0,1,0
BRDA:35,1,0,0
BRDA:35,1,1,0
BRDA:46,2,0,0
BRDA:46,2,1,0
BRDA:46,3,0,0
BRDA:46,3,1,0
BRDA:47,4,0,0
BRDA:47,4,1,0
BRDA:47,5,0,0
BRDA:47,5,1,0
BRDA:57,6,0,0
BRDA:57,6,1,0
BRDA:57,7,0,0
BRDA:57,7,1,0
BRDA:58,8,0,0
BRDA:58,8,1,0
BRDA:58,9,0,0
BRDA:58,9,1,0
BRF:20
BRH:0
end_of_record
TN:
SF:obsidian-prj/src/libs/DIComponent/DIComponent.ts
FN:91,(anonymous_0)
FN:50,(anonymous_1)
FN:64,(anonymous_2)
FN:108,(anonymous_3)
FN:108,_DIComponent_hasRegistryEvent
FN:121,(anonymous_5)
FN:133,(anonymous_6)
FN:139,(anonymous_7)
FN:203,(anonymous_8)
FN:128,_DIComponent_executeEvens
FN:164,(anonymous_10)
FN:230,(anonymous_11)
FN:235,(anonymous_12)
FN:257,(anonymous_13)
FNF:14
FNH:0
FNDA:0,(anonymous_0)
FNDA:0,(anonymous_1)
FNDA:0,(anonymous_2)
FNDA:0,(anonymous_3)
FNDA:0,_DIComponent_hasRegistryEvent
FNDA:0,(anonymous_5)
FNDA:0,(anonymous_6)
FNDA:0,(anonymous_7)
FNDA:0,(anonymous_8)
FNDA:0,_DIComponent_executeEvens
FNDA:0,(anonymous_10)
FNDA:0,(anonymous_11)
FNDA:0,(anonymous_12)
FNDA:0,(anonymous_13)
DA:2,0
DA:3,0
DA:4,0
DA:15,0
DA:27,0
DA:32,0
DA:40,0
DA:42,0
DA:48,0
DA:51,0
DA:57,0
DA:59,0
DA:65,0
DA:72,0
DA:73,0
DA:76,0
DA:92,0
DA:98,0
DA:109,0
DA:110,0
DA:112,0
DA:122,0
DA:128,0
DA:134,0
DA:135,0
DA:137,0
DA:139,0
DA:140,0
DA:141,0
DA:146,0
DA:156,0
DA:158,0
DA:159,0
DA:163,0
DA:164,0
DA:165,0
DA:167,0
DA:168,0
DA:170,0
DA:171,0
DA:175,0
DA:186,0
DA:204,0
DA:205,0
DA:208,0
DA:209,0
DA:210,0
DA:231,0
DA:232,0
DA:235,0
DA:236,0
DA:237,0
DA:258,0
DA:260,0
DA:261,0
DA:264,0
LF:56
LH:0
BRDA:51,0,0,0
BRDA:52,1,0,0
BRDA:52,1,1,0
BRDA:52,1,2,0
BRDA:52,1,3,0
BRDA:65,2,0,0
BRDA:66,3,0,0
BRDA:66,3,1,0
BRDA:66,3,2,0
BRDA:66,3,3,0
BRDA:66,3,4,0
BRDA:70,4,0,0
BRDA:70,4,1,0
BRDA:70,5,0,0
BRDA:70,5,1,0
BRDA:43,6,0,0
BRDA:43,6,1,0
BRDA:44,7,0,0
BRDA:44,7,1,0
BRDA:44,8,0,0
BRDA:44,8,1,0
BRDA:109,9,0,0
BRDA:122,10,0,0
BRDA:122,10,1,0
BRDA:122,11,0,0
BRDA:122,11,1,0
BRDA:134,12,0,0
BRDA:140,13,0,0
BRDA:158,14,0,0
BRDA:163,15,0,0
BRDA:163,16,0,0
BRDA:163,16,1,0
BRDA:163,17,0,0
BRDA:163,17,1,0
BRDA:163,18,0,0
BRDA:163,18,1,0
BRDA:168,19,0,0
BRDA:168,19,1,0
BRDA:168,20,0,0
BRDA:168,20,1,0
BRDA:170,21,0,0
BRDA:204,22,0,0
BRDA:208,23,0,0
BRDA:209,24,0,0
BRDA:210,25,0,0
BRDA:210,25,1,0
BRDA:210,26,0,0
BRDA:210,26,1,0
BRDA:231,27,0,0
BRDA:236,28,0,0
BRDA:237,29,0,0
BRDA:237,29,1,0
BRDA:237,30,0,0
BRDA:237,30,1,0
BRDA:237,31,0,0
BRDA:237,31,1,0
BRDA:237,32,0,0
BRDA:237,32,1,0
BRDA:260,33,0,0
BRF:59
BRH:0
end_of_record
TN:
SF:obsidian-prj/src/libs/DIComponent/DIComponentCore.ts
FN:42,(anonymous_0)
FN:43,(anonymous_1)
FN:68,(anonymous_2)
FN:92,(anonymous_3)
FN:110,(anonymous_4)
FN:118,(anonymous_5)
FN:125,(anonymous_6)
FN:133,(anonymous_7)
FN:140,(anonymous_8)
FN:157,(anonymous_9)
FN:164,(anonymous_10)
FN:171,(anonymous_11)
FN:205,(anonymous_12)
FN:216,(anonymous_13)
FN:27,(anonymous_14)
FN:32,(anonymous_15)
FNF:16
FNH:0
FNDA:0,(anonymous_0)
FNDA:0,(anonymous_1)
FNDA:0,(anonymous_2)
FNDA:0,(anonymous_3)
FNDA:0,(anonymous_4)
FNDA:0,(anonymous_5)
FNDA:0,(anonymous_6)
FNDA:0,(anonymous_7)
FNDA:0,(anonymous_8)
FNDA:0,(anonymous_9)
FNDA:0,(anonymous_10)
FNDA:0,(anonymous_11)
FNDA:0,(anonymous_12)
FNDA:0,(anonymous_13)
FNDA:0,(anonymous_14)
FNDA:0,(anonymous_15)
DA:2,0
DA:3,0
DA:9,0
DA:23,0
DA:25,0
DA:28,0
DA:30,0
DA:33,0
DA:35,0
DA:43,0
DA:45,0
DA:47,0
DA:69,0
DA:70,0
DA:71,0
DA:72,0
DA:73,0
DA:74,0
DA:75,0
DA:76,0
DA:78,0
DA:81,0
DA:84,0
DA:93,0
DA:94,0
DA:95,0
DA:96,0
DA:97,0
DA:98,0
DA:99,0
DA:100,0
DA:101,0
DA:102,0
DA:104,0
DA:111,0
DA:119,0
DA:126,0
DA:134,0
DA:151,0
DA:158,0
DA:165,0
DA:172,0
DA:207,0
DA:217,0
LF:44
LH:0
BRDA:45,0,0,0
BRDA:45,0,1,0
BRDA:45,1,0,0
BRDA:45,1,1,0
BRDA:45,2,0,0
BRDA:45,2,1,0
BRDA:69,3,0,0
BRF:7
BRH:0
end_of_record
TN:
SF:obsidian-prj/src/libs/DIComponent/index.ts
FN:4,(anonymous_0)
FN:13,(anonymous_1)
FN:14,(anonymous_2)
FN:15,(anonymous_3)
FN:16,(anonymous_4)
FN:17,(anonymous_5)
FN:18,(anonymous_6)
FN:19,(anonymous_7)
FN:20,(anonymous_8)
FN:25,(anonymous_9)
FNF:10
FNH:0
FNDA:0,(anonymous_0)
FNDA:0,(anonymous_1)
FNDA:0,(anonymous_2)
FNDA:0,(anonymous_3)
FNDA:0,(anonymous_4)
FNDA:0,(anonymous_5)
FNDA:0,(anonymous_6)
FNDA:0,(anonymous_7)
FNDA:0,(anonymous_8)
FNDA:0,(anonymous_9)
DA:4,0
DA:12,0
DA:13,0
DA:14,0
DA:15,0
DA:16,0
DA:17,0
DA:18,0
DA:19,0
DA:20,0
DA:25,0
LF:11
LH:0
BRF:0
BRH:0
end_of_record
TN:
SF:obsidian-prj/src/libs/DIComponent/interfaces/IDIComponent.ts
FNF:0
FNH:0
DA:9,0
LF:1
LH:0
BRF:0
BRH:0
end_of_record
TN:
SF:obsidian-prj/src/libs/DIComponent/types/IDIComponentSymbols.ts
FNF:0
FNH:0
DA:8,0
DA:14,0
DA:20,0
DA:27,0
DA:33,0
DA:41,0
DA:47,0
DA:53,0
DA:59,0
DA:66,0
DA:72,0
DA:78,0
DA:84,0
LF:13
LH:0
BRF:0
BRH:0
end_of_record
TN:
SF:obsidian-prj/src/libs/DIComponent/types/isIDIComponent.ts
FN:9,isIDIComponent
FNF:1
FNH:0
FNDA:0,isIDIComponent
DA:1,0
DA:9,0
DA:12,0
LF:3
LH:0
BRDA:12,0,0,0
BRDA:12,0,1,0
BRDA:12,1,0,0
BRDA:12,1,1,0
BRF:4
BRH:0
end_of_record
TN:
SF:obsidian-prj/src/libs/EditableDataView/EditableDataView.ts
FN:21,(anonymous_0)
FN:34,(anonymous_1)
FN:52,(anonymous_2)
FN:70,(anonymous_3)
FN:88,(anonymous_4)
FN:106,(anonymous_5)
FNF:6
FNH:0
FNDA:0,(anonymous_0)
FNDA:0,(anonymous_1)
FNDA:0,(anonymous_2)
FNDA:0,(anonymous_3)
FNDA:0,(anonymous_4)
FNDA:0,(anonymous_5)
DA:2,0
DA:3,0
DA:4,0
DA:5,0
DA:6,0
DA:11,0
DA:14,0
DA:25,0
DA:26,0
DA:37,0
DA:38,0
DA:39,0
DA:40,0
DA:42,0
DA:44,0
DA:55,0
DA:56,0
DA:57,0
DA:58,0
DA:60,0
DA:62,0
DA:73,0
DA:74,0
DA:75,0
DA:76,0
DA:78,0
DA:80,0
DA:91,0
DA:92,0
DA:93,0
DA:94,0
DA:96,0
DA:98,0
DA:109,0
DA:110,0
DA:111,0
DA:112,0
DA:114,0
DA:116,0
LF:39
LH:0
BRDA:40,0,0,0
BRDA:40,0,1,0
BRDA:40,1,0,0
BRDA:40,1,1,0
BRDA:58,2,0,0
BRDA:58,2,1,0
BRDA:58,3,0,0
BRDA:58,3,1,0
BRDA:76,4,0,0
BRDA:76,4,1,0
BRDA:76,5,0,0
BRDA:76,5,1,0
BRDA:94,6,0,0
BRDA:94,6,1,0
BRDA:94,7,0,0
BRDA:94,7,1,0
BRDA:112,8,0,0
BRDA:112,8,1,0
BRDA:112,9,0,0
BRDA:112,9,1,0
BRF:20
BRH:0
end_of_record
TN:
SF:obsidian-prj/src/libs/EditableDataView/Components/BaseComponent.ts
FN:18,(anonymous_0)
FN:85,(anonymous_1)
FN:100,(anonymous_2)
FN:131,(anonymous_3)
FN:138,(anonymous_4)
FN:146,(anonymous_5)
FN:167,(anonymous_6)
FN:178,(anonymous_7)
FN:186,(anonymous_8)
FN:197,(anonymous_9)
FN:220,(anonymous_10)
FN:236,(anonymous_11)
FN:253,(anonymous_13)
FN:265,(anonymous_14)
FN:295,(anonymous_15)
FNF:15
FNH:0
FNDA:0,(anonymous_0)
FNDA:0,(anonymous_1)
FNDA:0,(anonymous_2)
FNDA:0,(anonymous_3)
FNDA:0,(anonymous_4)
FNDA:0,(anonymous_5)
FNDA:0,(anonymous_6)
FNDA:0,(anonymous_7)
FNDA:0,(anonymous_8)
FNDA:0,(anonymous_9)
FNDA:0,(anonymous_10)
FNDA:0,(anonymous_11)
FNDA:0,(anonymous_13)
FNDA:0,(anonymous_14)
FNDA:0,(anonymous_15)
DA:1,0
DA:3,0
DA:14,0
DA:19,0
DA:43,0
DA:44,0
DA:86,0
DA:87,0
DA:89,0
DA:103,0
DA:105,0
DA:109,0
DA:111,0
DA:117,0
DA:119,0
DA:123,0
DA:124,0
DA:132,0
DA:133,0
DA:134,0
DA:135,0
DA:136,0
DA:138,0
DA:139,0
DA:147,0
DA:149,0
DA:155,0
DA:160,0
DA:161,0
DA:162,0
DA:163,0
DA:164,0
DA:165,0
DA:167,0
DA:168,0
DA:171,0
DA:172,0
DA:173,0
DA:174,0
DA:175,0
DA:176,0
DA:178,0
DA:179,0
DA:187,0
DA:188,0
DA:199,0
DA:200,0
DA:201,0
DA:205,0
DA:206,0
DA:207,0
DA:208,0
DA:209,0
DA:210,0
DA:211,0
DA:222,0
DA:223,0
DA:224,0
DA:225,0
DA:226,0
DA:227,0
DA:228,0
DA:238,0
DA:239,0
DA:240,0
DA:254,0
DA:256,0
DA:269,0
DA:271,0
DA:272,0
DA:274,0
DA:275,0
DA:280,0
DA:281,0
DA:282,0
DA:285,0
DA:286,0
DA:296,0
DA:297,0
DA:298,0
DA:299,0
DA:302,0
LF:82
LH:0
BRDA:101,0,0,0
BRDA:111,1,0,0
BRDA:112,2,0,0
BRDA:112,2,1,0
BRDA:113,3,0,0
BRDA:113,3,1,0
BRDA:188,4,0,0
BRDA:188,4,1,0
BRDA:188,5,0,0
BRDA:188,5,1,0
BRDA:199,6,0,0
BRDA:199,7,0,0
BRDA:199,7,1,0
BRDA:201,8,0,0
BRDA:201,8,1,0
BRDA:201,9,0,0
BRDA:201,9,1,0
BRDA:205,10,0,0
BRDA:205,11,0,0
BRDA:205,11,1,0
BRDA:211,12,0,0
BRDA:211,12,1,0
BRDA:211,13,0,0
BRDA:211,13,1,0
BRDA:222,14,0,0
BRDA:222,15,0,0
BRDA:222,15,1,0
BRDA:228,16,0,0
BRDA:228,16,1,0
BRDA:228,17,0,0
BRDA:228,17,1,0
BRDA:238,18,0,0
BRDA:238,19,0,0
BRDA:238,19,1,0
BRDA:239,20,0,0
BRDA:239,20,1,0
BRDA:239,21,0,0
BRDA:239,21,1,0
BRDA:274,22,0,0
BRDA:274,23,0,0
BRDA:274,23,1,0
BRDA:277,24,0,0
BRDA:277,24,1,0
BRDA:277,25,0,0
BRDA:277,25,1,0
BRDA:277,26,0,0
BRDA:277,26,1,0
BRDA:277,27,0,0
BRDA:277,27,1,0
BRDA:280,28,0,0
BRDA:296,29,0,0
BRDA:296,29,1,0
BRDA:298,30,0,0
BRF:53
BRH:0
end_of_record
TN:
SF:obsidian-prj/src/libs/EditableDataView/Components/DateComponent.ts
FN:31,(anonymous_0)
FN:45,(anonymous_1)
FN:56,(anonymous_2)
FN:67,(anonymous_3)
FN:79,(anonymous_4)
FN:91,(anonymous_5)
FN:102,(anonymous_6)
FN:118,(anonymous_7)
FN:130,(anonymous_8)
FN:139,(anonymous_9)
FN:148,(anonymous_10)
FNF:11
FNH:0
FNDA:0,(anonymous_0)
FNDA:0,(anonymous_1)
FNDA:0,(anonymous_2)
FNDA:0,(anonymous_3)
FNDA:0,(anonymous_4)
FNDA:0,(anonymous_5)
FNDA:0,(anonymous_6)
FNDA:0,(anonymous_7)
FNDA:0,(anonymous_8)
FNDA:0,(anonymous_9)
FNDA:0,(anonymous_10)
DA:2,0
DA:7,0
DA:9,0
DA:32,0
DA:33,0
DA:34,0
DA:35,0
DA:36,0
DA:37,0
DA:46,0
DA:48,0
DA:57,0
DA:59,0
DA:68,0
DA:70,0
DA:80,0
DA:82,0
DA:92,0
DA:94,0
DA:103,0
DA:104,0
DA:106,0
DA:107,0
DA:108,0
DA:110,0
DA:119,0
DA:120,0
DA:121,0
DA:122,0
DA:123,0
DA:124,0
DA:131,0
DA:132,0
DA:133,0
DA:140,0
DA:149,0
DA:150,0
LF:37
LH:0
BRDA:110,0,0,0
BRDA:110,0,1,0
BRDA:131,1,0,0
BRDA:131,1,1,0
BRDA:140,2,0,0
BRDA:140,2,1,0
BRDA:150,3,0,0
BRDA:150,3,1,0
BRDA:150,4,0,0
BRDA:150,4,1,0
BRF:10
BRH:0
end_of_record
TN:
SF:obsidian-prj/src/libs/EditableDataView/Components/DropdownComponent.ts
FN:24,(anonymous_0)
FN:26,(anonymous_1)
FN:44,(anonymous_2)
FN:58,(anonymous_3)
FN:69,(anonymous_4)
FN:80,(anonymous_5)
FN:91,(anonymous_6)
FN:104,(anonymous_7)
FN:111,(anonymous_8)
FN:111,(anonymous_9)
FN:132,(anonymous_10)
FN:142,(anonymous_11)
FN:143,(anonymous_12)
FN:152,(anonymous_13)
FN:163,(anonymous_14)
FN:171,(anonymous_15)
FN:185,(anonymous_16)
FN:196,(anonymous_17)
FN:205,(anonymous_18)
FN:214,(anonymous_19)
FNF:20
FNH:0
FNDA:0,(anonymous_0)
FNDA:0,(anonymous_1)
FNDA:0,(anonymous_2)
FNDA:0,(anonymous_3)
FNDA:0,(anonymous_4)
FNDA:0,(anonymous_5)
FNDA:0,(anonymous_6)
FNDA:0,(anonymous_7)
FNDA:0,(anonymous_8)
FNDA:0,(anonymous_9)
FNDA:0,(anonymous_10)
FNDA:0,(anonymous_11)
FNDA:0,(anonymous_12)
FNDA:0,(anonymous_13)
FNDA:0,(anonymous_14)
FNDA:0,(anonymous_15)
FNDA:0,(anonymous_16)
FNDA:0,(anonymous_17)
FNDA:0,(anonymous_18)
FNDA:0,(anonymous_19)
DA:2,0
DA:7,0
DA:9,0
DA:25,0
DA:26,0
DA:29,0
DA:31,0
DA:45,0
DA:46,0
DA:47,0
DA:48,0
DA:49,0
DA:50,0
DA:59,0
DA:61,0
DA:70,0
DA:72,0
DA:81,0
DA:83,0
DA:92,0
DA:94,0
DA:111,0
DA:112,0
DA:114,0
DA:115,0
DA:116,0
DA:118,0
DA:122,0
DA:133,0
DA:135,0
DA:143,0
DA:145,0
DA:146,0
DA:147,0
DA:148,0
DA:149,0
DA:152,0
DA:153,0
DA:154,0
DA:155,0
DA:156,0
DA:164,0
DA:172,0
DA:173,0
DA:175,0
DA:176,0
DA:177,0
DA:178,0
DA:186,0
DA:187,0
DA:188,0
DA:189,0
DA:190,0
DA:197,0
DA:198,0
DA:199,0
DA:206,0
DA:208,0
DA:215,0
DA:216,0
LF:60
LH:0
BRDA:29,0,0,0
BRDA:114,1,0,0
BRDA:114,1,1,0
BRDA:145,2,0,0
BRDA:178,3,0,0
BRDA:178,3,1,0
BRDA:178,4,0,0
BRDA:178,4,1,0
BRDA:198,5,0,0
BRDA:198,5,1,0
BRDA:206,6,0,0
BRDA:206,6,1,0
BRDA:206,7,0,0
BRDA:206,7,1,0
BRDA:216,8,0,0
BRDA:216,8,1,0
BRDA:216,9,0,0
BRDA:216,9,1,0
BRF:18
BRH:0
end_of_record
TN:
SF:obsidian-prj/src/libs/EditableDataView/Components/LinkComponent.ts
FN:37,(anonymous_0)
FN:51,(anonymous_1)
FN:62,(anonymous_2)
FN:73,(anonymous_3)
FN:84,(anonymous_4)
FN:95,(anonymous_5)
FN:106,(anonymous_6)
FN:118,(anonymous_7)
FN:130,(anonymous_8)
FN:141,(anonymous_9)
FN:141,(anonymous_10)
FN:181,(anonymous_11)
FN:192,(anonymous_12)
FN:196,(anonymous_13)
FN:207,(anonymous_14)
FN:237,(anonymous_15)
FN:250,(anonymous_16)
FN:268,(anonymous_17)
FN:293,(anonymous_18)
FN:302,(anonymous_19)
FN:309,(anonymous_20)
FNF:21
FNH:0
FNDA:0,(anonymous_0)
FNDA:0,(anonymous_1)
FNDA:0,(anonymous_2)
FNDA:0,(anonymous_3)
FNDA:0,(anonymous_4)
FNDA:0,(anonymous_5)
FNDA:0,(anonymous_6)
FNDA:0,(anonymous_7)
FNDA:0,(anonymous_8)
FNDA:0,(anonymous_9)
FNDA:0,(anonymous_10)
FNDA:0,(anonymous_11)
FNDA:0,(anonymous_12)
FNDA:0,(anonymous_13)
FNDA:0,(anonymous_14)
FNDA:0,(anonymous_15)
FNDA:0,(anonymous_16)
FNDA:0,(anonymous_17)
FNDA:0,(anonymous_18)
FNDA:0,(anonymous_19)
FNDA:0,(anonymous_20)
DA:2,0
DA:7,0
DA:9,0
DA:24,0
DA:38,0
DA:39,0
DA:40,0
DA:41,0
DA:42,0
DA:43,0
DA:52,0
DA:54,0
DA:63,0
DA:65,0
DA:74,0
DA:76,0
DA:85,0
DA:87,0
DA:96,0
DA:98,0
DA:107,0
DA:109,0
DA:119,0
DA:121,0
DA:141,0
DA:142,0
DA:143,0
DA:145,0
DA:146,0
DA:147,0
DA:148,0
DA:150,0
DA:152,0
DA:154,0
DA:155,0
DA:156,0
DA:158,0
DA:161,0
DA:162,0
DA:164,0
DA:172,0
DA:182,0
DA:184,0
DA:193,0
DA:194,0
DA:196,0
DA:197,0
DA:198,0
DA:199,0
DA:208,0
DA:209,0
DA:211,0
DA:212,0
DA:213,0
DA:215,0
DA:217,0
DA:218,0
DA:219,0
DA:220,0
DA:222,0
DA:223,0
DA:224,0
DA:225,0
DA:226,0
DA:228,0
DA:231,0
DA:238,0
DA:239,0
DA:240,0
DA:241,0
DA:242,0
DA:244,0
DA:245,0
DA:246,0
DA:247,0
DA:248,0
DA:250,0
DA:251,0
DA:257,0
DA:262,0
DA:265,0
DA:269,0
DA:270,0
DA:271,0
DA:272,0
DA:277,0
DA:281,0
DA:282,0
DA:283,0
DA:284,0
DA:285,0
DA:286,0
DA:294,0
DA:295,0
DA:296,0
DA:303,0
DA:310,0
DA:311,0
LF:98
LH:0
BRDA:145,0,0,0
BRDA:145,0,1,0
BRDA:150,1,0,0
BRDA:150,1,1,0
BRDA:150,1,2,0
BRDA:161,2,0,0
BRDA:161,3,0,0
BRDA:161,3,1,0
BRDA:162,4,0,0
BRDA:162,4,1,0
BRDA:164,5,0,0
BRDA:164,5,1,0
BRDA:166,6,0,0
BRDA:166,6,1,0
BRDA:193,7,0,0
BRDA:215,8,0,0
BRDA:215,8,1,0
BRDA:215,8,2,0
BRDA:231,9,0,0
BRDA:231,9,1,0
BRDA:231,10,0,0
BRDA:231,10,1,0
BRDA:248,11,0,0
BRDA:248,11,1,0
BRDA:251,12,0,0
BRDA:251,12,1,0
BRDA:253,13,0,0
BRDA:253,13,1,0
BRDA:257,14,0,0
BRDA:258,15,0,0
BRDA:258,15,1,0
BRDA:258,15,2,0
BRDA:269,16,0,0
BRDA:269,16,1,0
BRDA:271,17,0,0
BRDA:277,18,0,0
BRDA:278,19,0,0
BRDA:278,19,1,0
BRDA:278,19,2,0
BRDA:294,20,0,0
BRDA:294,20,1,0
BRDA:294,21,0,0
BRDA:294,21,1,0
BRDA:303,22,0,0
BRDA:303,22,1,0
BRDA:303,23,0,0
BRDA:303,23,1,0
BRDA:311,24,0,0
BRDA:311,24,1,0
BRDA:311,25,0,0
BRDA:311,25,1,0
BRF:51
BRH:0
end_of_record
TN:
SF:obsidian-prj/src/libs/EditableDataView/Components/SuggestionComponent.ts
FN:45,(anonymous_0)
FN:56,(anonymous_1)
FN:68,(anonymous_2)
FN:77,(anonymous_3)
FN:84,(anonymous_4)
FN:147,(anonymous_5)
FN:161,(anonymous_6)
FN:190,(anonymous_7)
FN:208,(anonymous_8)
FN:255,(anonymous_9)
FN:258,(anonymous_10)
FN:277,(anonymous_11)
FN:294,(anonymous_12)
FN:301,(anonymous_13)
FN:318,(anonymous_14)
FN:329,(anonymous_15)
FN:356,(anonymous_16)
FN:371,(anonymous_17)
FN:413,(anonymous_18)
FN:429,(anonymous_19)
FN:440,(anonymous_20)
FNF:21
FNH:0
FNDA:0,(anonymous_0)
FNDA:0,(anonymous_1)
FNDA:0,(anonymous_2)
FNDA:0,(anonymous_3)
FNDA:0,(anonymous_4)
FNDA:0,(anonymous_5)
FNDA:0,(anonymous_6)
FNDA:0,(anonymous_7)
FNDA:0,(anonymous_8)
FNDA:0,(anonymous_9)
FNDA:0,(anonymous_10)
FNDA:0,(anonymous_11)
FNDA:0,(anonymous_12)
FNDA:0,(anonymous_13)
FNDA:0,(anonymous_14)
FNDA:0,(anonymous_15)
FNDA:0,(anonymous_16)
FNDA:0,(anonymous_17)
FNDA:0,(anonymous_18)
FNDA:0,(anonymous_19)
FNDA:0,(anonymous_20)
DA:2,0
DA:26,0
DA:36,0
DA:46,0
DA:47,0
DA:57,0
DA:59,0
DA:69,0
DA:71,0
DA:80,0
DA:83,0
DA:85,0
DA:92,0
DA:95,0
DA:97,0
DA:98,0
DA:99,0
DA:100,0
DA:101,0
DA:102,0
DA:104,0
DA:105,0
DA:109,0
DA:110,0
DA:118,0
DA:121,0
DA:124,0
DA:126,0
DA:131,0
DA:133,0
DA:137,0
DA:138,0
DA:140,0
DA:148,0
DA:162,0
DA:165,0
DA:166,0
DA:169,0
DA:171,0
DA:173,0
DA:179,0
DA:192,0
DA:195,0
DA:196,0
DA:209,0
DA:211,0
DA:213,0
DA:215,0
DA:216,0
DA:217,0
DA:218,0
DA:221,0
DA:222,0
DA:224,0
DA:226,0
DA:228,0
DA:229,0
DA:231,0
DA:234,0
DA:238,0
DA:239,0
DA:241,0
DA:243,0
DA:244,0
DA:246,0
DA:248,0
DA:256,0
DA:258,0
DA:259,0
DA:266,0
DA:269,0
DA:270,0
DA:278,0
DA:279,0
DA:282,0
DA:285,0
DA:288,0
DA:295,0
DA:302,0
DA:304,0
DA:305,0
DA:307,0
DA:310,0
DA:319,0
DA:330,0
DA:332,0
DA:333,0
DA:335,0
DA:336,0
DA:341,0
DA:342,0
DA:343,0
DA:346,0
DA:347,0
DA:357,0
DA:358,0
DA:359,0
DA:360,0
DA:363,0
DA:375,0
DA:376,0
DA:378,0
DA:379,0
DA:381,0
DA:382,0
DA:390,0
DA:398,0
DA:399,0
DA:401,0
DA:402,0
DA:414,0
DA:416,0
DA:421,0
DA:426,0
DA:430,0
DA:441,0
DA:442,0
LF:117
LH:0
BRDA:80,0,0,0
BRDA:80,0,1,0
BRDA:88,1,0,0
BRDA:88,1,1,0
BRDA:88,2,0,0
BRDA:88,2,1,0
BRDA:88,3,0,0
BRDA:88,3,1,0
BRDA:88,4,0,0
BRDA:88,4,1,0
BRDA:97,5,0,0
BRDA:97,5,1,0
BRDA:100,6,0,0
BRDA:100,6,1,0
BRDA:109,7,0,0
BRDA:110,8,0,0
BRDA:110,8,1,0
BRDA:114,9,0,0
BRDA:114,9,1,0
BRDA:114,10,0,0
BRDA:114,10,1,0
BRDA:114,11,0,0
BRDA:114,11,1,0
BRDA:114,12,0,0
BRDA:114,12,1,0
BRDA:124,13,0,0
BRDA:124,13,1,0
BRDA:124,14,0,0
BRDA:124,14,1,0
BRDA:124,15,0,0
BRDA:124,15,1,0
BRDA:124,16,0,0
BRDA:124,16,1,0
BRDA:137,17,0,0
BRDA:137,17,1,0
BRDA:148,18,0,0
BRDA:148,18,1,0
BRDA:149,19,0,0
BRDA:149,19,1,0
BRDA:149,20,0,0
BRDA:149,20,1,0
BRDA:209,21,0,0
BRDA:209,21,1,0
BRDA:209,22,0,0
BRDA:209,22,1,0
BRDA:215,23,0,0
BRDA:215,23,1,0
BRDA:217,24,0,0
BRDA:222,25,0,0
BRDA:222,25,1,0
BRDA:229,26,0,0
BRDA:229,26,1,0
BRDA:234,27,0,0
BRDA:234,27,1,0
BRDA:239,28,0,0
BRDA:239,28,1,0
BRDA:244,29,0,0
BRDA:244,30,0,0
BRDA:244,30,1,0
BRDA:262,31,0,0
BRDA:262,31,1,0
BRDA:262,32,0,0
BRDA:262,32,1,0
BRDA:262,33,0,0
BRDA:262,33,1,0
BRDA:262,34,0,0
BRDA:262,34,1,0
BRDA:266,35,0,0
BRDA:266,35,1,0
BRDA:278,36,0,0
BRDA:295,37,0,0
BRDA:295,37,1,0
BRDA:295,38,0,0
BRDA:295,38,1,0
BRDA:295,39,0,0
BRDA:295,39,1,0
BRDA:295,40,0,0
BRDA:295,40,1,0
BRDA:304,41,0,0
BRDA:304,42,0,0
BRDA:304,42,1,0
BRDA:335,43,0,0
BRDA:335,44,0,0
BRDA:335,44,1,0
BRDA:338,45,0,0
BRDA:338,45,1,0
BRDA:338,46,0,0
BRDA:338,46,1,0
BRDA:338,47,0,0
BRDA:338,47,1,0
BRDA:338,48,0,0
BRDA:338,48,1,0
BRDA:341,49,0,0
BRDA:357,50,0,0
BRDA:357,50,1,0
BRDA:359,51,0,0
BRDA:381,52,0,0
BRDA:381,53,0,0
BRDA:381,53,1,0
BRDA:386,54,0,0
BRDA:386,54,1,0
BRDA:386,55,0,0
BRDA:386,55,1,0
BRDA:386,56,0,0
BRDA:386,56,1,0
BRDA:386,57,0,0
BRDA:386,57,1,0
BRDA:394,58,0,0
BRDA:394,58,1,0
BRDA:394,59,0,0
BRDA:394,59,1,0
BRDA:394,60,0,0
BRDA:394,60,1,0
BRDA:394,61,0,0
BRDA:394,61,1,0
BRDA:421,62,0,0
BRDA:421,62,1,0
BRDA:421,63,0,0
BRDA:421,63,1,0
BRDA:426,64,0,0
BRDA:426,64,1,0
BRDA:426,65,0,0
BRDA:426,65,1,0
BRDA:441,66,0,0
BRDA:441,66,1,0
BRDA:441,67,0,0
BRDA:441,67,1,0
BRF:127
BRH:0
end_of_record
TN:
SF:obsidian-prj/src/libs/EditableDataView/Components/TextComponent.ts
FN:41,(anonymous_0)
FN:49,(anonymous_1)
FN:63,(anonymous_2)
FN:74,(anonymous_3)
FN:85,(anonymous_4)
FN:96,(anonymous_5)
FN:107,(anonymous_6)
FN:119,(anonymous_7)
FN:131,(anonymous_8)
FN:136,(anonymous_9)
FN:136,(anonymous_10)
FN:150,(anonymous_11)
FN:156,(anonymous_12)
FN:182,(anonymous_13)
FN:193,(anonymous_14)
FN:232,(anonymous_15)
FN:236,(anonymous_16)
FN:249,(anonymous_17)
FN:260,(anonymous_18)
FN:276,(anonymous_19)
FNF:20
FNH:0
FNDA:0,(anonymous_0)
FNDA:0,(anonymous_1)
FNDA:0,(anonymous_2)
FNDA:0,(anonymous_3)
FNDA:0,(anonymous_4)
FNDA:0,(anonymous_5)
FNDA:0,(anonymous_6)
FNDA:0,(anonymous_7)
FNDA:0,(anonymous_8)
FNDA:0,(anonymous_9)
FNDA:0,(anonymous_10)
FNDA:0,(anonymous_11)
FNDA:0,(anonymous_12)
FNDA:0,(anonymous_13)
FNDA:0,(anonymous_14)
FNDA:0,(anonymous_15)
FNDA:0,(anonymous_16)
FNDA:0,(anonymous_17)
FNDA:0,(anonymous_18)
FNDA:0,(anonymous_19)
DA:1,0
DA:3,0
DA:4,0
DA:5,0
DA:6,0
DA:11,0
DA:13,0
DA:42,0
DA:50,0
DA:51,0
DA:52,0
DA:53,0
DA:54,0
DA:55,0
DA:64,0
DA:66,0
DA:75,0
DA:77,0
DA:86,0
DA:88,0
DA:97,0
DA:99,0
DA:108,0
DA:110,0
DA:120,0
DA:122,0
DA:136,0
DA:137,0
DA:140,0
DA:156,0
DA:157,0
DA:158,0
DA:166,0
DA:167,0
DA:169,0
DA:173,0
DA:183,0
DA:185,0
DA:194,0
DA:195,0
DA:197,0
DA:198,0
DA:199,0
DA:200,0
DA:202,0
DA:203,0
DA:204,0
DA:205,0
DA:206,0
DA:208,0
DA:211,0
DA:212,0
DA:213,0
DA:219,0
DA:223,0
DA:233,0
DA:237,0
DA:238,0
DA:239,0
DA:240,0
DA:250,0
DA:251,0
DA:252,0
DA:253,0
DA:254,0
DA:261,0
DA:262,0
DA:263,0
DA:264,0
DA:265,0
DA:267,0
DA:269,0
DA:270,0
DA:277,0
DA:278,0
LF:75
LH:0
BRDA:150,0,0,0
BRDA:157,1,0,0
BRDA:157,1,1,0
BRDA:202,2,0,0
BRDA:202,2,1,0
BRDA:205,3,0,0
BRDA:205,3,1,0
BRDA:211,4,0,0
BRDA:211,5,0,0
BRDA:211,5,1,0
BRDA:212,6,0,0
BRDA:219,7,0,0
BRDA:219,7,1,0
BRDA:223,8,0,0
BRDA:223,8,1,0
BRDA:237,9,0,0
BRDA:237,9,1,0
BRDA:239,10,0,0
BRDA:253,11,0,0
BRDA:253,11,1,0
BRDA:253,12,0,0
BRDA:253,12,1,0
BRDA:261,13,0,0
BRDA:261,13,1,0
BRDA:264,14,0,0
BRDA:264,14,1,0
BRDA:270,15,0,0
BRDA:270,15,1,0
BRDA:270,16,0,0
BRDA:270,16,1,0
BRDA:277,17,0,0
BRDA:277,17,1,0
BRDA:277,18,0,0
BRDA:277,18,1,0
BRDA:278,19,0,0
BRDA:278,19,1,0
BRDA:278,20,0,0
BRDA:278,20,1,0
BRF:38
BRH:0
end_of_record
TN:
SF:obsidian-prj/src/libs/EditableDataView/Components/TextareaComponent.ts
FN:37,(anonymous_0)
FN:51,(anonymous_1)
FN:62,(anonymous_2)
FN:73,(anonymous_3)
FN:84,(anonymous_4)
FN:96,(anonymous_5)
FN:101,(anonymous_6)
FN:101,(anonymous_7)
FN:115,(anonymous_8)
FN:121,(anonymous_9)
FN:147,(anonymous_10)
FN:158,(anonymous_11)
FN:180,(anonymous_12)
FN:184,(anonymous_13)
FN:205,(anonymous_14)
FN:216,(anonymous_15)
FN:231,(anonymous_16)
FNF:17
FNH:0
FNDA:0,(anonymous_0)
FNDA:0,(anonymous_1)
FNDA:0,(anonymous_2)
FNDA:0,(anonymous_3)
FNDA:0,(anonymous_4)
FNDA:0,(anonymous_5)
FNDA:0,(anonymous_6)
FNDA:0,(anonymous_7)
FNDA:0,(anonymous_8)
FNDA:0,(anonymous_9)
FNDA:0,(anonymous_10)
FNDA:0,(anonymous_11)
FNDA:0,(anonymous_12)
FNDA:0,(anonymous_13)
FNDA:0,(anonymous_14)
FNDA:0,(anonymous_15)
FNDA:0,(anonymous_16)
DA:1,0
DA:3,0
DA:4,0
DA:5,0
DA:10,0
DA:12,0
DA:38,0
DA:39,0
DA:40,0
DA:41,0
DA:42,0
DA:43,0
DA:52,0
DA:54,0
DA:63,0
DA:65,0
DA:74,0
DA:76,0
DA:85,0
DA:87,0
DA:101,0
DA:102,0
DA:105,0
DA:121,0
DA:122,0
DA:123,0
DA:131,0
DA:132,0
DA:134,0
DA:138,0
DA:148,0
DA:150,0
DA:159,0
DA:160,0
DA:162,0
DA:163,0
DA:164,0
DA:165,0
DA:167,0
DA:168,0
DA:169,0
DA:170,0
DA:171,0
DA:173,0
DA:181,0
DA:185,0
DA:186,0
DA:187,0
DA:188,0
DA:189,0
DA:191,0
DA:192,0
DA:193,0
DA:194,0
DA:195,0
DA:206,0
DA:207,0
DA:208,0
DA:209,0
DA:210,0
DA:217,0
DA:218,0
DA:219,0
DA:220,0
DA:221,0
DA:223,0
DA:225,0
DA:232,0
DA:233,0
LF:69
LH:0
BRDA:115,0,0,0
BRDA:122,1,0,0
BRDA:122,1,1,0
BRDA:167,2,0,0
BRDA:167,2,1,0
BRDA:170,3,0,0
BRDA:170,3,1,0
BRDA:185,4,0,0
BRDA:185,4,1,0
BRDA:187,5,0,0
BRDA:191,6,0,0
[...]
BRDA:482,101,2,0
BRDA:489,102,0,0
BRDA:489,102,1,0
BRDA:489,103,0,0
BRDA:489,103,1,0
BRDA:489,104,0,0
BRDA:489,104,1,0
BRDA:489,105,0,0
BRDA:489,105,1,0
BRDA:492,106,0,0
BRF:199
BRH:0
end_of_record
TN:
SF:obsidian-prj/src/models/FileModel.ts
FN:40,(anonymous_0)
FN:56,(anonymous_1)
FN:62,(anonymous_2)
FN:99,(anonymous_3)
FN:123,(anonymous_4)
FN:161,(anonymous_5)
FN:175,(anonymous_6)
FN:186,(anonymous_7)
FN:187,(anonymous_8)
FN:187,(anonymous_9)
FN:200,(anonymous_10)
FN:215,(anonymous_12)
FN:235,(anonymous_13)
FN:245,(anonymous_14)
FN:271,(anonymous_15)
FN:275,(anonymous_16)
FN:302,(anonymous_17)
FN:318,(anonymous_19)
FN:341,(anonymous_21)
FNF:19
FNH:0
FNDA:0,(anonymous_0)
FNDA:0,(anonymous_1)
FNDA:0,(anonymous_2)
FNDA:0,(anonymous_3)
FNDA:0,(anonymous_4)
FNDA:0,(anonymous_5)
FNDA:0,(anonymous_6)
FNDA:0,(anonymous_7)
FNDA:0,(anonymous_8)
FNDA:0,(anonymous_9)
FNDA:0,(anonymous_10)
FNDA:0,(anonymous_12)
FNDA:0,(anonymous_13)
FNDA:0,(anonymous_14)
FNDA:0,(anonymous_15)
FNDA:0,(anonymous_16)
FNDA:0,(anonymous_17)
FNDA:0,(anonymous_19)
FNDA:0,(anonymous_21)
DA:1,0
DA:3,0
DA:4,0
DA:10,0
DA:12,0
DA:18,0
DA:22,0
DA:25,0
DA:27,0
DA:29,0
DA:31,0
DA:41,0
DA:42,0
DA:45,0
DA:47,0
DA:57,0
DA:58,0
DA:60,0
DA:62,0
DA:63,0
DA:69,0
DA:84,0
DA:105,0
DA:107,0
DA:109,0
DA:111,0
DA:112,0
DA:124,0
DA:125,0
DA:127,0
DA:129,0
DA:130,0
DA:131,0
DA:133,0
DA:134,0
DA:136,0
DA:139,0
DA:140,0
DA:141,0
DA:142,0
DA:143,0
DA:148,0
DA:149,0
DA:151,0
DA:162,0
DA:164,0
DA:165,0
DA:166,0
DA:176,0
DA:187,0
DA:188,0
DA:204,0
DA:206,0
DA:207,0
DA:210,0
DA:212,0
DA:213,0
DA:216,0
DA:220,0
DA:224,0
DA:236,0
DA:237,0
DA:246,0
DA:247,0
DA:249,0
DA:251,0
DA:255,0
DA:257,0
DA:259,0
DA:275,0
DA:276,0
DA:277,0
DA:280,0
DA:286,0
DA:290,0
DA:291,0
DA:303,0
DA:305,0
DA:322,0
DA:326,0
DA:346,0
DA:348,0
DA:350,0
DA:352,0
DA:354,0
DA:355,0
DA:358,0
LF:87
LH:0
BRDA:41,0,0,0
BRDA:42,1,0,0
BRDA:42,1,1,0
BRDA:42,2,0,0
BRDA:42,2,1,0
BRDA:45,3,0,0
BRDA:45,3,1,0
BRDA:45,4,0,0
BRDA:45,4,1,0
BRDA:57,5,0,0
BRDA:57,5,1,0
BRDA:60,6,0,0
BRDA:60,6,1,0
BRDA:60,7,0,0
BRDA:60,7,1,0
BRDA:69,8,0,0
BRDA:69,8,1,0
BRDA:69,9,0,0
BRDA:69,9,1,0
BRDA:107,10,0,0
BRDA:124,11,0,0
BRDA:129,12,0,0
BRDA:130,13,0,0
BRDA:130,13,1,0
BRDA:130,14,0,0
BRDA:130,14,1,0
BRDA:134,15,0,0
BRDA:134,15,1,0
BRDA:134,16,0,0
BRDA:134,16,1,0
BRDA:139,17,0,0
BRDA:141,18,0,0
BRDA:149,19,0,0
BRDA:149,19,1,0
BRDA:149,20,0,0
BRDA:149,20,1,0
BRDA:165,21,0,0
BRDA:176,22,0,0
BRDA:176,22,1,0
BRDA:176,23,0,0
BRDA:176,23,1,0
BRDA:204,24,0,0
BRDA:206,25,0,0
BRDA:210,26,0,0
BRDA:210,26,1,0
BRDA:210,27,0,0
BRDA:210,27,1,0
BRDA:213,28,0,0
BRDA:213,28,1,0
BRDA:213,29,0,0
BRDA:213,29,1,0
BRDA:220,30,0,0
BRDA:220,30,1,0
BRDA:220,31,0,0
BRDA:220,31,1,0
BRDA:224,32,0,0
BRDA:224,32,1,0
BRDA:224,33,0,0
BRDA:224,33,1,0
BRDA:236,34,0,0
BRDA:246,35,0,0
BRDA:247,36,0,0
BRDA:247,36,1,0
BRDA:247,37,0,0
BRDA:247,37,1,0
BRDA:249,38,0,0
BRDA:249,38,1,0
BRDA:249,39,0,0
BRDA:249,39,1,0
BRDA:249,40,0,0
BRDA:249,40,1,0
BRDA:249,41,0,0
BRDA:249,41,1,0
BRDA:249,42,0,0
BRDA:249,42,1,0
BRDA:257,43,0,0
BRDA:257,43,1,0
BRDA:257,44,0,0
BRDA:257,44,1,0
BRDA:276,45,0,0
BRDA:276,46,0,0
BRDA:276,46,1,0
BRDA:276,47,0,0
BRDA:276,47,1,0
BRDA:280,48,0,0
BRDA:280,48,1,0
BRDA:281,49,0,0
BRDA:281,49,1,0
BRDA:281,49,2,0
BRDA:281,49,3,0
BRDA:290,50,0,0
BRDA:322,51,0,0
BRDA:322,51,1,0
BRDA:350,52,0,0
BRDA:354,53,0,0
BRF:95
BRH:0
end_of_record
TN:
SF:obsidian-prj/src/models/NoteModel.ts
FN:25,(anonymous_0)
FN:31,(anonymous_1)
FN:40,(anonymous_2)
FN:50,(anonymous_3)
FN:63,(anonymous_4)
FN:76,(anonymous_6)
FN:99,(anonymous_7)
FNF:7
FNH:0
FNDA:0,(anonymous_0)
FNDA:0,(anonymous_1)
FNDA:0,(anonymous_2)
FNDA:0,(anonymous_3)
FNDA:0,(anonymous_4)
FNDA:0,(anonymous_6)
FNDA:0,(anonymous_7)
DA:4,0
DA:5,0
DA:7,0
DA:8,0
DA:9,0
DA:15,0
DA:20,0
DA:26,0
DA:32,0
DA:41,0
DA:51,0
DA:52,0
DA:54,0
DA:64,0
DA:65,0
DA:67,0
DA:77,0
DA:78,0
DA:80,0
DA:81,0
DA:82,0
DA:83,0
DA:86,0
DA:100,0
DA:102,0
DA:103,0
DA:108,0
DA:109,0
DA:111,0
DA:112,0
DA:115,0
DA:119,0
DA:120,0
DA:123,0
LF:34
LH:0
BRDA:51,0,0,0
BRDA:51,0,1,0
BRDA:67,1,0,0
BRDA:67,1,1,0
BRDA:67,2,0,0
BRDA:67,2,1,0
BRDA:80,3,0,0
BRDA:80,3,1,0
BRDA:80,4,0,0
BRDA:80,4,1,0
BRDA:82,5,0,0
BRDA:102,6,0,0
BRDA:108,7,0,0
BRDA:111,8,0,0
BRDA:111,9,0,0
BRDA:111,9,1,0
BRDA:115,10,0,0
BRDA:115,10,1,0
BRDA:119,11,0,0
BRF:19
BRH:0
end_of_record
TN:
SF:obsidian-prj/src/models/PrjTaskManagementModel.ts
FN:36,(anonymous_0)
FN:43,(anonymous_1)
FN:49,(anonymous_2)
FN:59,(anonymous_3)
FN:71,(anonymous_4)
FN:90,(anonymous_5)
FN:100,(anonymous_6)
FN:124,(anonymous_7)
FN:138,(anonymous_8)
FN:160,(anonymous_9)
FN:179,(anonymous_10)
FN:243,(anonymous_11)
FN:259,(anonymous_12)
FN:291,(anonymous_13)
FN:296,(anonymous_14)
FN:366,(anonymous_15)
FN:395,(anonymous_16)
FN:439,(anonymous_17)
FN:463,(anonymous_18)
FN:491,(anonymous_19)
FNF:20
FNH:0
FNDA:0,(anonymous_0)
FNDA:0,(anonymous_1)
FNDA:0,(anonymous_2)
FNDA:0,(anonymous_3)
FNDA:0,(anonymous_4)
FNDA:0,(anonymous_5)
FNDA:0,(anonymous_6)
FNDA:0,(anonymous_7)
FNDA:0,(anonymous_8)
FNDA:0,(anonymous_9)
FNDA:0,(anonymous_10)
FNDA:0,(anonymous_11)
FNDA:0,(anonymous_12)
FNDA:0,(anonymous_13)
FNDA:0,(anonymous_14)
FNDA:0,(anonymous_15)
FNDA:0,(anonymous_16)
FNDA:0,(anonymous_17)
FNDA:0,(anonymous_18)
FNDA:0,(anonymous_19)
DA:1,0
DA:2,0
DA:3,0
DA:5,0
DA:10,0
DA:12,0
DA:19,0
DA:25,0
DA:32,0
DA:37,0
DA:44,0
DA:50,0
DA:64,0
DA:72,0
DA:74,0
DA:76,0
DA:78,0
DA:80,0
DA:91,0
DA:101,0
DA:103,0
DA:104,0
DA:106,0
DA:107,0
DA:108,0
DA:110,0
DA:112,0
DA:113,0
DA:115,0
DA:117,0
DA:125,0
DA:139,0
DA:140,0
DA:142,0
DA:144,0
DA:148,0
DA:150,0
DA:161,0
DA:162,0
DA:164,0
DA:165,0
DA:166,0
DA:167,0
DA:170,0
DA:180,0
DA:183,0
DA:192,0
DA:193,0
DA:195,0
DA:198,0
DA:199,0
DA:200,0
DA:202,0
DA:205,0
DA:206,0
DA:208,0
DA:212,0
DA:222,0
DA:224,0
DA:229,0
DA:251,0
DA:266,0
DA:268,0
DA:269,0
DA:270,0
DA:272,0
DA:296,0
DA:298,0
DA:299,0
DA:301,0
DA:305,0
DA:306,0
DA:311,0
DA:312,0
DA:316,0
DA:317,0
DA:321,0
DA:322,0
DA:324,0
DA:325,0
DA:329,0
DA:331,0
DA:333,0
DA:334,0
DA:338,0
DA:339,0
DA:341,0
DA:342,0
DA:346,0
DA:347,0
DA:351,0
DA:369,0
DA:371,0
DA:373,0
DA:375,0
DA:377,0
DA:379,0
DA:400,0
DA:401,0
DA:404,0
DA:405,0
DA:408,0
DA:409,0
DA:412,0
DA:413,0
DA:415,0
DA:416,0
DA:419,0
DA:421,0
DA:423,0
DA:424,0
DA:425,0
DA:426,0
DA:427,0
DA:428,0
DA:431,0
DA:444,0
DA:449,0
DA:450,0
DA:452,0
DA:454,0
DA:464,0
DA:468,0
DA:470,0
DA:471,0
DA:473,0
DA:476,0
DA:478,0
DA:479,0
DA:481,0
DA:484,0
DA:492,0
DA:494,0
DA:495,0
DA:497,0
DA:499,0
DA:500,0
DA:502,0
DA:505,0
DA:506,0
DA:508,0
DA:509,0
DA:511,0
DA:513,0
DA:514,0
DA:516,0
DA:518,0
DA:519,0
DA:521,0
DA:523,0
DA:527,0
DA:530,0
DA:531,0
DA:532,0
DA:533,0
DA:535,0
DA:538,0
LF:157
LH:0
BRDA:72,0,0,0
BRDA:72,0,1,0
BRDA:72,0,2,0
BRDA:72,0,3,0
BRDA:72,1,0,0
BRDA:72,1,1,0
BRDA:72,2,0,0
BRDA:72,2,1,0
BRDA:101,3,0,0
BRDA:103,4,0,0
BRDA:103,5,0,0
BRDA:103,5,1,0
BRDA:103,6,0,0
BRDA:103,6,1,0
BRDA:106,7,0,0
BRDA:112,8,0,0
BRDA:117,9,0,0
BRDA:139,10,0,0
BRDA:140,11,0,0
BRDA:140,11,1,0
BRDA:142,12,0,0
BRDA:142,12,1,0
BRDA:142,13,0,0
BRDA:142,13,1,0
BRDA:148,14,0,0
BRDA:164,15,0,0
BRDA:164,15,1,0
BRDA:164,16,0,0
BRDA:164,16,1,0
BRDA:166,17,0,0
BRDA:183,18,0,0
BRDA:183,18,1,0
BRDA:192,19,0,0
BRDA:193,20,0,0
BRDA:193,20,1,0
BRDA:193,21,0,0
BRDA:193,21,1,0
BRDA:193,22,0,0
BRDA:193,22,1,0
BRDA:193,23,0,0
BRDA:193,23,1,0
BRDA:198,24,0,0
BRDA:198,24,1,0
BRDA:199,25,0,0
BRDA:199,25,1,0
BRDA:199,26,0,0
BRDA:199,26,1,0
BRDA:199,27,0,0
BRDA:199,27,1,0
BRDA:199,28,0,0
BRDA:199,28,1,0
BRDA:205,29,0,0
BRDA:205,30,0,0
BRDA:205,30,1,0
BRDA:205,31,0,0
BRDA:205,31,1,0
BRDA:208,32,0,0
BRDA:208,32,1,0
BRDA:208,33,0,0
BRDA:208,33,1,0
BRDA:268,34,0,0
BRDA:269,35,0,0
BRDA:269,35,1,0
BRDA:269,36,0,0
BRDA:269,36,1,0
BRDA:272,37,0,0
BRDA:272,37,1,0
BRDA:301,38,0,0
BRDA:302,39,0,0
BRDA:302,39,1,0
BRDA:302,40,0,0
BRDA:302,40,1,0
BRDA:302,41,0,0
BRDA:302,41,1,0
BRDA:303,42,0,0
BRDA:303,42,1,0
BRDA:303,43,0,0
BRDA:303,43,1,0
BRDA:305,44,0,0
BRDA:305,45,0,0
BRDA:305,45,1,0
BRDA:311,46,0,0
BRDA:311,47,0,0
BRDA:311,47,1,0
BRDA:311,48,0,0
BRDA:311,48,1,0
BRDA:316,49,0,0
BRDA:316,50,0,0
BRDA:316,50,1,0
BRDA:316,51,0,0
BRDA:316,51,1,0
BRDA:324,52,0,0
BRDA:333,53,0,0
BRDA:338,54,0,0
BRDA:338,54,1,0
BRDA:338,55,0,0
BRDA:338,55,1,0
BRDA:339,56,0,0
BRDA:339,56,1,0
BRDA:339,57,0,0
BRDA:339,57,1,0
BRDA:341,58,0,0
BRDA:346,59,0,0
BRDA:346,60,0,0
BRDA:346,60,1,0
BRDA:369,61,0,0
BRDA:369,61,1,0
BRDA:369,61,2,0
BRDA:369,61,3,0
BRDA:369,61,4,0
BRDA:369,62,0,0
BRDA:369,62,1,0
BRDA:369,63,0,0
BRDA:369,63,1,0
BRDA:400,64,0,0
BRDA:400,65,0,0
BRDA:400,65,1,0
BRDA:404,66,0,0
BRDA:408,67,0,0
BRDA:423,68,0,0
BRDA:423,68,1,0
BRDA:425,69,0,0
BRDA:425,69,1,0
BRDA:427,70,0,0
BRDA:444,71,0,0
BRDA:444,71,1,0
BRDA:445,72,0,0
BRDA:445,72,1,0
BRDA:445,72,2,0
BRDA:470,73,0,0
BRDA:478,74,0,0
BRDA:494,75,0,0
BRDA:499,76,0,0
BRDA:505,77,0,0
BRDA:505,78,0,0
BRDA:505,78,1,0
BRDA:505,79,0,0
BRDA:505,79,1,0
BRDA:506,80,0,0
BRDA:506,80,1,0
BRDA:506,80,2,0
BRDA:506,80,3,0
BRDA:506,81,0,0
BRDA:506,81,1,0
BRDA:506,82,0,0
BRDA:506,82,1,0
BRDA:508,83,0,0
BRDA:513,84,0,0
BRDA:518,85,0,0
BRDA:527,86,0,0
BRDA:530,87,0,0
BRDA:530,87,1,0
BRDA:530,88,0,0
BRDA:530,88,1,0
BRDA:530,89,0,0
BRDA:530,89,1,0
BRDA:532,90,0,0
BRDA:532,90,1,0
BRF:158
BRH:0
end_of_record
TN:
SF:obsidian-prj/src/models/ProjectModel.ts
FN:20,(anonymous_0)
FN:27,(anonymous_1)
FN:34,(anonymous_2)
FN:40,(anonymous_3)
FNF:4
FNH:0
FNDA:0,(anonymous_0)
FNDA:0,(anonymous_1)
FNDA:0,(anonymous_2)
FNDA:0,(anonymous_3)
DA:2,0
DA:3,0
DA:6,0
DA:7,0
DA:14,0
DA:21,0
DA:28,0
DA:36,0
DA:38,0
DA:40,0
LF:10
LH:0
BRF:0
BRH:0
end_of_record
TN:
SF:obsidian-prj/src/models/TaskModel.ts
FN:22,(anonymous_0)
FN:29,(anonymous_1)
FN:35,(anonymous_2)
FN:43,(anonymous_3)
FN:57,(anonymous_4)
FN:67,(anonymous_5)
FN:70,(anonymous_6)
FN:75,(anonymous_7)
FN:84,(anonymous_8)
FN:99,(anonymous_9)
FN:107,(anonymous_10)
FNF:11
FNH:0
FNDA:0,(anonymous_0)
FNDA:0,(anonymous_1)
FNDA:0,(anonymous_2)
FNDA:0,(anonymous_3)
FNDA:0,(anonymous_4)
FNDA:0,(anonymous_5)
FNDA:0,(anonymous_6)
FNDA:0,(anonymous_7)
FNDA:0,(anonymous_8)
FNDA:0,(anonymous_9)
FNDA:0,(anonymous_10)
DA:1,0
DA:2,0
DA:3,0
DA:4,0
DA:5,0
DA:8,0
DA:10,0
DA:11,0
DA:18,0
DA:23,0
DA:31,0
DA:33,0
DA:35,0
DA:45,0
DA:47,0
DA:50,0
DA:58,0
DA:70,0
DA:71,0
DA:72,0
DA:74,0
DA:75,0
DA:82,0
DA:84,0
DA:85,0
DA:86,0
DA:90,0
DA:100,0
DA:108,0
DA:109,0
DA:110,0
DA:112,0
DA:113,0
DA:115,0
DA:116,0
DA:119,0
DA:124,0
DA:128,0
LF:38
LH:0
BRDA:45,0,0,0
BRDA:45,0,1,0
BRDA:45,1,0,0
BRDA:45,1,1,0
BRDA:71,2,0,0
BRDA:71,2,1,0
BRDA:71,3,0,0
BRDA:71,3,1,0
BRDA:71,4,0,0
BRDA:71,4,1,0
BRDA:71,5,0,0
BRDA:71,5,1,0
BRDA:75,6,0,0
BRDA:75,6,1,0
BRDA:75,6,2,0
BRDA:75,6,3,0
BRDA:75,7,0,0
BRDA:75,7,1,0
BRDA:75,8,0,0
BRDA:75,8,1,0
BRDA:75,9,0,0
BRDA:75,9,1,0
BRDA:75,10,0,0
BRDA:75,10,1,0
BRDA:77,11,0,0
BRDA:77,11,1,0
BRDA:77,12,0,0
BRDA:77,12,1,0
BRDA:77,13,0,0
BRDA:77,13,1,0
BRDA:77,14,0,0
BRDA:77,14,1,0
BRDA:78,15,0,0
BRDA:78,15,1,0
BRDA:78,16,0,0
BRDA:78,16,1,0
BRDA:78,17,0,0
BRDA:78,17,1,0
BRDA:78,18,0,0
BRDA:78,18,1,0
BRDA:78,19,0,0
BRDA:78,19,1,0
BRDA:85,20,0,0
BRDA:108,21,0,0
BRDA:108,22,0,0
BRDA:108,22,1,0
BRDA:113,23,0,0
BRDA:113,23,1,0
BRDA:113,24,0,0
BRDA:113,24,1,0
BRDA:115,25,0,0
BRF:51
BRH:0
end_of_record
TN:
SF:obsidian-prj/src/models/TopicModel.ts
FN:18,(anonymous_0)
FN:25,(anonymous_1)
FN:31,(anonymous_2)
FN:40,(anonymous_3)
FNF:4
FNH:0
FNDA:0,(anonymous_0)
FNDA:0,(anonymous_1)
FNDA:0,(anonymous_2)
FNDA:0,(anonymous_3)
DA:2,0
DA:3,0
DA:6,0
DA:7,0
DA:14,0
DA:19,0
DA:27,0
DA:29,0
DA:31,0
DA:41,0
LF:10
LH:0
BRF:0
BRH:0
end_of_record
TN:
SF:obsidian-prj/src/models/TransactionModel.ts
FN:38,(anonymous_0)
FN:56,(anonymous_1)
FN:63,(anonymous_2)
FN:76,(anonymous_3)
FN:103,(anonymous_4)
FN:130,(anonymous_5)
FN:145,(anonymous_6)
FN:148,(anonymous_7)
FN:176,(anonymous_8)
FN:191,(anonymous_9)
FN:209,(anonymous_10)
FN:229,(anonymous_11)
FN:233,(anonymous_12)
FNF:13
FNH:0
FNDA:0,(anonymous_0)
FNDA:0,(anonymous_1)
FNDA:0,(anonymous_2)
FNDA:0,(anonymous_3)
FNDA:0,(anonymous_4)
FNDA:0,(anonymous_5)
FNDA:0,(anonymous_6)
FNDA:0,(anonymous_7)
FNDA:0,(anonymous_8)
FNDA:0,(anonymous_9)
FNDA:0,(anonymous_10)
FNDA:0,(anonymous_11)
FNDA:0,(anonymous_12)
DA:1,0
DA:3,0
DA:28,0
DA:39,0
DA:41,0
DA:42,0
DA:57,0
DA:64,0
DA:82,0
DA:84,0
DA:89,0
DA:91,0
DA:92,0
DA:94,0
DA:109,0
DA:111,0
DA:112,0
DA:113,0
DA:115,0
DA:133,0
DA:138,0
DA:139,0
DA:144,0
DA:146,0
DA:149,0
DA:155,0
DA:156,0
DA:158,0
DA:162,0
DA:165,0
DA:169,0
DA:177,0
DA:178,0
DA:180,0
DA:182,0
DA:192,0
DA:193,0
DA:195,0
DA:197,0
DA:199,0
DA:210,0
DA:211,0
DA:213,0
DA:214,0
DA:215,0
DA:217,0
DA:219,0
DA:220,0
DA:230,0
DA:231,0
DA:233,0
DA:234,0
DA:236,0
DA:237,0
DA:239,0
DA:242,0
DA:243,0
DA:247,0
DA:248,0
LF:59
LH:0
BRDA:65,0,0,0
BRDA:65,0,1,0
BRDA:82,1,0,0
BRDA:82,1,1,0
BRDA:82,2,0,0
BRDA:82,2,1,0
BRDA:84,3,0,0
BRDA:84,3,1,0
BRDA:84,4,0,0
BRDA:84,4,1,0
BRDA:91,5,0,0
BRDA:91,5,1,0
BRDA:111,6,0,0
BRDA:112,7,0,0
BRDA:112,7,1,0
BRDA:131,8,0,0
BRDA:138,9,0,0
BRDA:138,9,1,0
BRDA:146,10,0,0
BRDA:146,10,1,0
BRDA:146,11,0,0
BRDA:146,11,1,0
BRDA:149,12,0,0
BRDA:149,12,1,0
BRDA:149,13,0,0
BRDA:149,13,1,0
BRDA:158,14,0,0
BRDA:158,14,1,0
BRDA:158,15,0,0
BRDA:158,15,1,0
BRDA:162,16,0,0
BRDA:162,16,1,0
BRDA:165,17,0,0
BRDA:165,17,1,0
BRDA:177,18,0,0
BRDA:178,19,0,0
BRDA:178,19,1,0
BRDA:178,20,0,0
BRDA:178,20,1,0
BRDA:192,21,0,0
BRDA:193,22,0,0
BRDA:193,22,1,0
BRDA:193,23,0,0
BRDA:193,23,1,0
BRDA:199,24,0,0
BRDA:199,24,1,0
BRDA:210,25,0,0
BRDA:210,25,1,0
BRDA:211,26,0,0
BRDA:211,26,1,0
BRDA:211,27,0,0
BRDA:211,27,1,0
BRDA:214,28,0,0
BRDA:215,29,0,0
BRDA:215,29,1,0
BRDA:215,30,0,0
BRDA:215,30,1,0
BRDA:234,31,0,0
BRDA:234,31,1,0
BRDA:236,32,0,0
BRDA:236,32,1,0
BRDA:242,33,0,0
BRDA:242,33,1,0
BRDA:247,34,0,0
BRF:64
BRH:0
end_of_record
TN:
SF:obsidian-prj/src/models/Data/PrjBaseData.ts
FN:14,(anonymous_0)
FN:30,(anonymous_1)
FN:43,(anonymous_2)
FN:58,(anonymous_3)
FN:77,(anonymous_4)
FN:82,(anonymous_5)
FNF:6
FNH:0
FNDA:0,(anonymous_0)
FNDA:0,(anonymous_1)
FNDA:0,(anonymous_2)
FNDA:0,(anonymous_3)
FNDA:0,(anonymous_4)
FNDA:0,(anonymous_5)
DA:2,0
DA:3,0
DA:9,0
DA:15,0
DA:34,0
DA:44,0
DA:45,0
DA:47,0
DA:48,0
DA:49,0
DA:50,0
DA:59,0
DA:61,0
DA:62,0
DA:64,0
DA:65,0
DA:69,0
DA:78,0
DA:82,0
DA:84,0
LF:20
LH:0
BRDA:34,0,0,0
BRDA:34,0,1,0
BRDA:47,1,0,0
BRDA:47,1,1,0
BRDA:47,2,0,0
BRDA:47,2,1,0
BRDA:47,3,0,0
BRDA:47,3,1,0
BRDA:49,4,0,0
BRDA:64,5,0,0
BRDA:82,6,0,0
BRDA:82,6,1,0
BRDA:82,7,0,0
BRDA:82,7,1,0
BRF:14
BRH:0
end_of_record
TN:
SF:obsidian-prj/src/models/Data/PrjData.ts
FN:33,(anonymous_0)
FN:41,(anonymous_1)
FN:48,(anonymous_2)
FN:56,(anonymous_3)
FN:63,(anonymous_4)
FN:72,(anonymous_5)
FN:83,(anonymous_6)
FN:92,(anonymous_7)
FN:99,(anonymous_8)
FN:108,(anonymous_9)
FNF:10
FNH:0
FNDA:0,(anonymous_0)
FNDA:0,(anonymous_1)
FNDA:0,(anonymous_2)
FNDA:0,(anonymous_3)
FNDA:0,(anonymous_4)
FNDA:0,(anonymous_5)
FNDA:0,(anonymous_6)
FNDA:0,(anonymous_7)
FNDA:0,(anonymous_8)
FNDA:0,(anonymous_9)
DA:1,0
DA:2,0
DA:3,0
DA:10,0
DA:12,0
DA:18,0
DA:20,0
DA:22,0
DA:33,0
DA:35,0
DA:42,0
DA:48,0
DA:50,0
DA:57,0
DA:63,0
DA:66,0
DA:73,0
DA:74,0
DA:76,0
DA:83,0
DA:86,0
DA:93,0
DA:99,0
DA:102,0
DA:109,0
LF:25
LH:0
BRDA:73,0,0,0
BRDA:73,0,1,0
BRF:2
BRH:0
end_of_record
TN:
SF:obsidian-prj/src/models/Data/PrjDocumentData.ts
FN:41,(anonymous_0)
FN:49,(anonymous_1)
FN:56,(anonymous_2)
FN:64,(anonymous_3)
FN:71,(anonymous_4)
FN:79,(anonymous_5)
FN:86,(anonymous_6)
FN:94,(anonymous_7)
FN:101,(anonymous_8)
FN:109,(anonymous_9)
FN:116,(anonymous_10)
FN:124,(anonymous_11)
FN:131,(anonymous_12)
FN:138,(anonymous_13)
FN:145,(anonymous_14)
FN:152,(anonymous_15)
FN:159,(anonymous_16)
FN:167,(anonymous_17)
FN:174,(anonymous_18)
FN:182,(anonymous_19)
FN:189,(anonymous_20)
FN:197,(anonymous_21)
FN:204,(anonymous_22)
FN:212,(anonymous_23)
FNF:24
FNH:0
FNDA:0,(anonymous_0)
FNDA:0,(anonymous_1)
FNDA:0,(anonymous_2)
FNDA:0,(anonymous_3)
FNDA:0,(anonymous_4)
FNDA:0,(anonymous_5)
FNDA:0,(anonymous_6)
FNDA:0,(anonymous_7)
FNDA:0,(anonymous_8)
FNDA:0,(anonymous_9)
FNDA:0,(anonymous_10)
FNDA:0,(anonymous_11)
FNDA:0,(anonymous_12)
FNDA:0,(anonymous_13)
FNDA:0,(anonymous_14)
FNDA:0,(anonymous_15)
FNDA:0,(anonymous_16)
FNDA:0,(anonymous_17)
FNDA:0,(anonymous_18)
FNDA:0,(anonymous_19)
FNDA:0,(anonymous_20)
FNDA:0,(anonymous_21)
FNDA:0,(anonymous_22)
FNDA:0,(anonymous_23)
DA:2,0
DA:3,0
DA:4,0
DA:7,0
DA:10,0
DA:17,0
DA:33,0
DA:41,0
DA:43,0
DA:50,0
DA:56,0
DA:59,0
DA:65,0
DA:71,0
DA:74,0
DA:80,0
DA:86,0
DA:89,0
DA:95,0
DA:101,0
DA:104,0
DA:110,0
DA:116,0
DA:119,0
DA:125,0
DA:131,0
DA:133,0
DA:139,0
DA:145,0
DA:147,0
DA:153,0
DA:159,0
DA:162,0
DA:168,0
DA:174,0
DA:177,0
DA:183,0
DA:189,0
DA:192,0
DA:198,0
DA:204,0
DA:207,0
DA:213,0
LF:43
LH:0
BRF:0
BRH:0
end_of_record
TN:
SF:obsidian-prj/src/models/Data/PrjNoteData.ts
FN:23,(anonymous_0)
FN:31,(anonymous_1)
FN:38,(anonymous_2)
FN:46,(anonymous_3)
FNF:4
FNH:0
FNDA:0,(anonymous_0)
FNDA:0,(anonymous_1)
FNDA:0,(anonymous_2)
FNDA:0,(anonymous_3)
DA:1,0
DA:2,0
DA:3,0
DA:7,0
DA:13,0
DA:23,0
DA:25,0
DA:32,0
DA:38,0
DA:41,0
DA:47,0
LF:11
LH:0
BRF:0
BRH:0
end_of_record
TN:
SF:obsidian-prj/src/models/Data/PrjProjectData.ts
FN:17,(anonymous_0)
FN:25,(anonymous_1)
FNF:2
FNH:0
FNDA:0,(anonymous_0)
FNDA:0,(anonymous_1)
DA:1,0
DA:4,0
DA:9,0
DA:17,0
DA:19,0
DA:26,0
LF:6
LH:0
BRF:0
BRH:0
end_of_record
TN:
SF:obsidian-prj/src/models/Data/PrjTaskData.ts
FN:17,(anonymous_0)
FN:25,(anonymous_1)
FNF:2
FNH:0
FNDA:0,(anonymous_0)
FNDA:0,(anonymous_1)
DA:1,0
DA:4,0
DA:9,0
DA:17,0
DA:19,0
DA:26,0
LF:6
LH:0
BRF:0
BRH:0
end_of_record
TN:
SF:obsidian-prj/src/models/Data/PrjTaskManagementData.ts
FN:35,(anonymous_0)
FN:44,(anonymous_1)
FN:51,(anonymous_2)
FN:59,(anonymous_3)
FN:66,(anonymous_4)
FN:74,(anonymous_5)
FN:81,(anonymous_6)
FN:90,(anonymous_7)
FN:97,(anonymous_8)
FN:105,(anonymous_9)
FN:112,(anonymous_10)
FN:120,(anonymous_11)
FNF:12
FNH:0
FNDA:0,(anonymous_0)
FNDA:0,(anonymous_1)
FNDA:0,(anonymous_2)
FNDA:0,(anonymous_3)
FNDA:0,(anonymous_4)
FNDA:0,(anonymous_5)
FNDA:0,(anonymous_6)
FNDA:0,(anonymous_7)
FNDA:0,(anonymous_8)
FNDA:0,(anonymous_9)
FNDA:0,(anonymous_10)
FNDA:0,(anonymous_11)
DA:1,0
DA:2,0
DA:3,0
DA:9,0
DA:12,0
DA:18,0
DA:23,0
DA:35,0
DA:38,0
DA:45,0
DA:51,0
DA:53,0
DA:60,0
DA:66,0
DA:68,0
DA:75,0
DA:81,0
DA:84,0
DA:91,0
DA:97,0
DA:99,0
DA:106,0
DA:112,0
DA:114,0
DA:121,0
LF:25
LH:0
BRF:0
BRH:0
end_of_record
TN:
SF:obsidian-prj/src/models/Data/PrjTopicData.ts
FN:17,(anonymous_0)
FN:25,(anonymous_1)
FNF:2
FNH:0
FNDA:0,(anonymous_0)
FNDA:0,(anonymous_1)
DA:1,0
DA:4,0
DA:9,0
DA:17,0
DA:19,0
DA:26,0
LF:6
LH:0
BRF:0
BRH:0
end_of_record
TN:
SF:obsidian-prj/src/translations/Translations.ts
FNF:0
FNH:0
DA:3,0
DA:5,0
LF:2
LH:0
BRF:0
BRH:0
end_of_record
TN:
SF:obsidian-prj/src/types/PrjSettings.ts
FNF:0
FNH:0
DA:51,0
LF:1
LH:0
BRF:0
BRH:0
end_of_record
TN:
SF:obsidian-prj/src/types/PrjTypes.ts
FN:75,(anonymous_0)
FN:94,(anonymous_1)
FN:110,(anonymous_2)
FN:112,(anonymous_3)
FN:131,(anonymous_4)
FN:163,(anonymous_5)
FN:181,(anonymous_6)
FN:186,(anonymous_7)
FN:189,(anonymous_8)
FN:209,(anonymous_9)
FN:231,(anonymous_10)
FN:259,(anonymous_11)
FNF:12
FNH:0
FNDA:0,(anonymous_0)
FNDA:0,(anonymous_1)
FNDA:0,(anonymous_2)
FNDA:0,(anonymous_3)
FNDA:0,(anonymous_4)
FNDA:0,(anonymous_5)
FNDA:0,(anonymous_6)
FNDA:0,(anonymous_7)
FNDA:0,(anonymous_8)
FNDA:0,(anonymous_9)
FNDA:0,(anonymous_10)
FNDA:0,(anonymous_11)
DA:2,0
DA:56,0
DA:61,0
DA:76,0
DA:81,0
DA:84,0
DA:98,0
DA:104,0
DA:110,0
DA:111,0
DA:112,0
DA:120,0
DA:134,0
DA:139,0
DA:142,0
DA:149,0
DA:164,0
DA:169,0
DA:172,0
DA:186,0
DA:187,0
DA:189,0
DA:190,0
DA:191,0
DA:196,0
DA:202,0
DA:210,0
DA:215,0
DA:218,0
DA:224,0
DA:232,0
DA:237,0
DA:240,0
DA:246,0
DA:262,0
DA:267,0
DA:270,0
LF:37
LH:0
BRDA:76,0,0,0
BRDA:77,1,0,0
BRDA:77,1,1,0
BRDA:77,1,2,0
BRDA:98,2,0,0
BRDA:98,2,1,0
BRDA:100,3,0,0
BRDA:100,3,1,0
BRDA:104,4,0,0
BRDA:104,4,1,0
BRDA:106,5,0,0
BRDA:106,5,1,0
BRDA:134,6,0,0
BRDA:135,7,0,0
BRDA:135,7,1,0
BRDA:135,7,2,0
BRDA:164,8,0,0
BRDA:165,9,0,0
BRDA:165,9,1,0
BRDA:165,9,2,0
BRDA:190,10,0,0
BRDA:210,11,0,0
BRDA:211,12,0,0
BRDA:211,12,1,0
BRDA:211,12,2,0
BRDA:232,13,0,0
BRDA:233,14,0,0
BRDA:233,14,1,0
BRDA:233,14,2,0
BRDA:262,15,0,0
BRDA:263,16,0,0
BRDA:263,16,1,0
BRDA:263,16,2,0
BRF:33
BRH:0
end_of_record
